[2025-04-11T23:18:58.122+0000] {processor.py:186} INFO - Started process (PID=1316) to work on /opt/airflow/dags/cdc_dag.py
[2025-04-11T23:18:58.123+0000] {processor.py:914} INFO - Processing file /opt/airflow/dags/cdc_dag.py for tasks to queue
[2025-04-11T23:18:58.125+0000] {logging_mixin.py:190} INFO - [2025-04-11T23:18:58.125+0000] {dagbag.py:588} INFO - Filling up the DagBag from /opt/airflow/dags/cdc_dag.py
[2025-04-11T23:18:58.155+0000] {processor.py:925} INFO - DAG(s) 'cdc_airflow_dag' retrieved from /opt/airflow/dags/cdc_dag.py
[2025-04-11T23:18:58.236+0000] {logging_mixin.py:190} INFO - [2025-04-11T23:18:58.236+0000] {override.py:1912} INFO - Created Permission View: can read on DAG:cdc_airflow_dag
[2025-04-11T23:18:58.244+0000] {logging_mixin.py:190} INFO - [2025-04-11T23:18:58.244+0000] {override.py:1912} INFO - Created Permission View: can delete on DAG:cdc_airflow_dag
[2025-04-11T23:18:58.250+0000] {logging_mixin.py:190} INFO - [2025-04-11T23:18:58.249+0000] {override.py:1912} INFO - Created Permission View: can edit on DAG:cdc_airflow_dag
[2025-04-11T23:18:58.255+0000] {logging_mixin.py:190} INFO - [2025-04-11T23:18:58.255+0000] {override.py:1912} INFO - Created Permission View: can read on DAG Run:cdc_airflow_dag
[2025-04-11T23:18:58.260+0000] {logging_mixin.py:190} INFO - [2025-04-11T23:18:58.259+0000] {override.py:1912} INFO - Created Permission View: can delete on DAG Run:cdc_airflow_dag
[2025-04-11T23:18:58.265+0000] {logging_mixin.py:190} INFO - [2025-04-11T23:18:58.265+0000] {override.py:1912} INFO - Created Permission View: can create on DAG Run:cdc_airflow_dag
[2025-04-11T23:18:58.270+0000] {logging_mixin.py:190} INFO - [2025-04-11T23:18:58.269+0000] {override.py:1912} INFO - Created Permission View: menu access on DAG Run:cdc_airflow_dag
[2025-04-11T23:18:58.270+0000] {logging_mixin.py:190} INFO - [2025-04-11T23:18:58.270+0000] {dag.py:3239} INFO - Sync 1 DAGs
[2025-04-11T23:18:58.280+0000] {logging_mixin.py:190} INFO - [2025-04-11T23:18:58.280+0000] {dag.py:3262} INFO - Creating ORM DAG for cdc_airflow_dag
[2025-04-11T23:18:58.288+0000] {logging_mixin.py:190} INFO - [2025-04-11T23:18:58.288+0000] {dag.py:4180} INFO - Setting next_dagrun for cdc_airflow_dag to 2025-04-11 22:00:00+00:00, run_after=2025-04-11 23:00:00+00:00
[2025-04-11T23:18:58.301+0000] {processor.py:208} INFO - Processing /opt/airflow/dags/cdc_dag.py took 0.183 seconds
[2025-04-11T23:19:28.516+0000] {processor.py:186} INFO - Started process (PID=1380) to work on /opt/airflow/dags/cdc_dag.py
[2025-04-11T23:19:28.518+0000] {processor.py:914} INFO - Processing file /opt/airflow/dags/cdc_dag.py for tasks to queue
[2025-04-11T23:19:28.520+0000] {logging_mixin.py:190} INFO - [2025-04-11T23:19:28.519+0000] {dagbag.py:588} INFO - Filling up the DagBag from /opt/airflow/dags/cdc_dag.py
[2025-04-11T23:19:28.578+0000] {processor.py:925} INFO - DAG(s) 'cdc_airflow_dag' retrieved from /opt/airflow/dags/cdc_dag.py
[2025-04-11T23:19:28.593+0000] {logging_mixin.py:190} INFO - [2025-04-11T23:19:28.593+0000] {dag.py:3239} INFO - Sync 1 DAGs
[2025-04-11T23:19:28.613+0000] {logging_mixin.py:190} INFO - [2025-04-11T23:19:28.613+0000] {dag.py:4180} INFO - Setting next_dagrun for cdc_airflow_dag to 2025-04-11 22:00:00+00:00, run_after=2025-04-11 23:00:00+00:00
[2025-04-11T23:19:28.631+0000] {processor.py:208} INFO - Processing /opt/airflow/dags/cdc_dag.py took 0.119 seconds
[2025-04-11T23:19:58.789+0000] {processor.py:186} INFO - Started process (PID=1444) to work on /opt/airflow/dags/cdc_dag.py
[2025-04-11T23:19:58.790+0000] {processor.py:914} INFO - Processing file /opt/airflow/dags/cdc_dag.py for tasks to queue
[2025-04-11T23:19:58.792+0000] {logging_mixin.py:190} INFO - [2025-04-11T23:19:58.791+0000] {dagbag.py:588} INFO - Filling up the DagBag from /opt/airflow/dags/cdc_dag.py
[2025-04-11T23:19:58.807+0000] {processor.py:925} INFO - DAG(s) 'cdc_airflow_dag' retrieved from /opt/airflow/dags/cdc_dag.py
[2025-04-11T23:19:58.820+0000] {logging_mixin.py:190} INFO - [2025-04-11T23:19:58.820+0000] {dag.py:3239} INFO - Sync 1 DAGs
[2025-04-11T23:19:58.838+0000] {logging_mixin.py:190} INFO - [2025-04-11T23:19:58.838+0000] {dag.py:4180} INFO - Setting next_dagrun for cdc_airflow_dag to 2025-04-11 22:00:00+00:00, run_after=2025-04-11 23:00:00+00:00
[2025-04-11T23:19:58.854+0000] {processor.py:208} INFO - Processing /opt/airflow/dags/cdc_dag.py took 0.070 seconds
[2025-04-11T23:20:29.187+0000] {processor.py:186} INFO - Started process (PID=1514) to work on /opt/airflow/dags/cdc_dag.py
[2025-04-11T23:20:29.188+0000] {processor.py:914} INFO - Processing file /opt/airflow/dags/cdc_dag.py for tasks to queue
[2025-04-11T23:20:29.189+0000] {logging_mixin.py:190} INFO - [2025-04-11T23:20:29.189+0000] {dagbag.py:588} INFO - Filling up the DagBag from /opt/airflow/dags/cdc_dag.py
[2025-04-11T23:20:29.208+0000] {processor.py:925} INFO - DAG(s) 'cdc_airflow_dag' retrieved from /opt/airflow/dags/cdc_dag.py
[2025-04-11T23:20:29.225+0000] {logging_mixin.py:190} INFO - [2025-04-11T23:20:29.225+0000] {dag.py:3239} INFO - Sync 1 DAGs
[2025-04-11T23:20:29.251+0000] {logging_mixin.py:190} INFO - [2025-04-11T23:20:29.251+0000] {dag.py:4180} INFO - Setting next_dagrun for cdc_airflow_dag to 2025-04-11 22:00:00+00:00, run_after=2025-04-11 23:00:00+00:00
[2025-04-11T23:20:29.273+0000] {processor.py:208} INFO - Processing /opt/airflow/dags/cdc_dag.py took 0.091 seconds
[2025-04-11T23:20:59.529+0000] {processor.py:186} INFO - Started process (PID=1578) to work on /opt/airflow/dags/cdc_dag.py
[2025-04-11T23:20:59.530+0000] {processor.py:914} INFO - Processing file /opt/airflow/dags/cdc_dag.py for tasks to queue
[2025-04-11T23:20:59.532+0000] {logging_mixin.py:190} INFO - [2025-04-11T23:20:59.532+0000] {dagbag.py:588} INFO - Filling up the DagBag from /opt/airflow/dags/cdc_dag.py
[2025-04-11T23:20:59.549+0000] {processor.py:925} INFO - DAG(s) 'cdc_airflow_dag' retrieved from /opt/airflow/dags/cdc_dag.py
[2025-04-11T23:20:59.563+0000] {logging_mixin.py:190} INFO - [2025-04-11T23:20:59.563+0000] {dag.py:3239} INFO - Sync 1 DAGs
[2025-04-11T23:20:59.581+0000] {logging_mixin.py:190} INFO - [2025-04-11T23:20:59.581+0000] {dag.py:4180} INFO - Setting next_dagrun for cdc_airflow_dag to 2025-04-11 22:00:00+00:00, run_after=2025-04-11 23:00:00+00:00
[2025-04-11T23:20:59.597+0000] {processor.py:208} INFO - Processing /opt/airflow/dags/cdc_dag.py took 0.073 seconds
[2025-04-11T23:21:29.651+0000] {processor.py:186} INFO - Started process (PID=1642) to work on /opt/airflow/dags/cdc_dag.py
[2025-04-11T23:21:29.652+0000] {processor.py:914} INFO - Processing file /opt/airflow/dags/cdc_dag.py for tasks to queue
[2025-04-11T23:21:29.654+0000] {logging_mixin.py:190} INFO - [2025-04-11T23:21:29.654+0000] {dagbag.py:588} INFO - Filling up the DagBag from /opt/airflow/dags/cdc_dag.py
[2025-04-11T23:21:29.670+0000] {processor.py:925} INFO - DAG(s) 'cdc_airflow_dag' retrieved from /opt/airflow/dags/cdc_dag.py
[2025-04-11T23:21:29.684+0000] {logging_mixin.py:190} INFO - [2025-04-11T23:21:29.684+0000] {dag.py:3239} INFO - Sync 1 DAGs
[2025-04-11T23:21:29.703+0000] {logging_mixin.py:190} INFO - [2025-04-11T23:21:29.703+0000] {dag.py:4180} INFO - Setting next_dagrun for cdc_airflow_dag to 2025-04-11 22:00:00+00:00, run_after=2025-04-11 23:00:00+00:00
[2025-04-11T23:21:29.729+0000] {processor.py:208} INFO - Processing /opt/airflow/dags/cdc_dag.py took 0.082 seconds
[2025-04-11T23:21:59.825+0000] {processor.py:186} INFO - Started process (PID=1706) to work on /opt/airflow/dags/cdc_dag.py
[2025-04-11T23:21:59.826+0000] {processor.py:914} INFO - Processing file /opt/airflow/dags/cdc_dag.py for tasks to queue
[2025-04-11T23:21:59.828+0000] {logging_mixin.py:190} INFO - [2025-04-11T23:21:59.828+0000] {dagbag.py:588} INFO - Filling up the DagBag from /opt/airflow/dags/cdc_dag.py
[2025-04-11T23:21:59.852+0000] {processor.py:925} INFO - DAG(s) 'cdc_airflow_dag' retrieved from /opt/airflow/dags/cdc_dag.py
[2025-04-11T23:21:59.871+0000] {logging_mixin.py:190} INFO - [2025-04-11T23:21:59.871+0000] {dag.py:3239} INFO - Sync 1 DAGs
[2025-04-11T23:21:59.895+0000] {logging_mixin.py:190} INFO - [2025-04-11T23:21:59.895+0000] {dag.py:4180} INFO - Setting next_dagrun for cdc_airflow_dag to 2025-04-11 22:00:00+00:00, run_after=2025-04-11 23:00:00+00:00
[2025-04-11T23:21:59.918+0000] {processor.py:208} INFO - Processing /opt/airflow/dags/cdc_dag.py took 0.100 seconds
[2025-04-11T23:22:30.296+0000] {processor.py:186} INFO - Started process (PID=1770) to work on /opt/airflow/dags/cdc_dag.py
[2025-04-11T23:22:30.297+0000] {processor.py:914} INFO - Processing file /opt/airflow/dags/cdc_dag.py for tasks to queue
[2025-04-11T23:22:30.299+0000] {logging_mixin.py:190} INFO - [2025-04-11T23:22:30.298+0000] {dagbag.py:588} INFO - Filling up the DagBag from /opt/airflow/dags/cdc_dag.py
[2025-04-11T23:22:30.331+0000] {processor.py:925} INFO - DAG(s) 'cdc_airflow_dag' retrieved from /opt/airflow/dags/cdc_dag.py
[2025-04-11T23:22:30.347+0000] {logging_mixin.py:190} INFO - [2025-04-11T23:22:30.347+0000] {dag.py:3239} INFO - Sync 1 DAGs
[2025-04-11T23:22:30.368+0000] {logging_mixin.py:190} INFO - [2025-04-11T23:22:30.368+0000] {dag.py:4180} INFO - Setting next_dagrun for cdc_airflow_dag to 2025-04-11 22:00:00+00:00, run_after=2025-04-11 23:00:00+00:00
[2025-04-11T23:22:30.390+0000] {processor.py:208} INFO - Processing /opt/airflow/dags/cdc_dag.py took 0.099 seconds
[2025-04-11T23:23:00.998+0000] {processor.py:186} INFO - Started process (PID=1834) to work on /opt/airflow/dags/cdc_dag.py
[2025-04-11T23:23:01.000+0000] {processor.py:914} INFO - Processing file /opt/airflow/dags/cdc_dag.py for tasks to queue
[2025-04-11T23:23:01.002+0000] {logging_mixin.py:190} INFO - [2025-04-11T23:23:01.001+0000] {dagbag.py:588} INFO - Filling up the DagBag from /opt/airflow/dags/cdc_dag.py
[2025-04-11T23:23:01.015+0000] {processor.py:925} INFO - DAG(s) 'cdc_airflow_dag' retrieved from /opt/airflow/dags/cdc_dag.py
[2025-04-11T23:23:01.031+0000] {logging_mixin.py:190} INFO - [2025-04-11T23:23:01.031+0000] {dag.py:3239} INFO - Sync 1 DAGs
[2025-04-11T23:23:01.051+0000] {logging_mixin.py:190} INFO - [2025-04-11T23:23:01.050+0000] {dag.py:4180} INFO - Setting next_dagrun for cdc_airflow_dag to 2025-04-11 22:00:00+00:00, run_after=2025-04-11 23:00:00+00:00
[2025-04-11T23:23:01.069+0000] {processor.py:208} INFO - Processing /opt/airflow/dags/cdc_dag.py took 0.076 seconds
[2025-04-11T23:23:31.306+0000] {processor.py:186} INFO - Started process (PID=1898) to work on /opt/airflow/dags/cdc_dag.py
[2025-04-11T23:23:31.307+0000] {processor.py:914} INFO - Processing file /opt/airflow/dags/cdc_dag.py for tasks to queue
[2025-04-11T23:23:31.308+0000] {logging_mixin.py:190} INFO - [2025-04-11T23:23:31.308+0000] {dagbag.py:588} INFO - Filling up the DagBag from /opt/airflow/dags/cdc_dag.py
[2025-04-11T23:23:31.323+0000] {processor.py:925} INFO - DAG(s) 'cdc_airflow_dag' retrieved from /opt/airflow/dags/cdc_dag.py
[2025-04-11T23:23:31.338+0000] {logging_mixin.py:190} INFO - [2025-04-11T23:23:31.337+0000] {dag.py:3239} INFO - Sync 1 DAGs
[2025-04-11T23:23:31.355+0000] {logging_mixin.py:190} INFO - [2025-04-11T23:23:31.355+0000] {dag.py:4180} INFO - Setting next_dagrun for cdc_airflow_dag to 2025-04-11 22:00:00+00:00, run_after=2025-04-11 23:00:00+00:00
[2025-04-11T23:23:31.370+0000] {processor.py:208} INFO - Processing /opt/airflow/dags/cdc_dag.py took 0.069 seconds
[2025-04-11T23:24:01.532+0000] {processor.py:186} INFO - Started process (PID=1962) to work on /opt/airflow/dags/cdc_dag.py
[2025-04-11T23:24:01.533+0000] {processor.py:914} INFO - Processing file /opt/airflow/dags/cdc_dag.py for tasks to queue
[2025-04-11T23:24:01.535+0000] {logging_mixin.py:190} INFO - [2025-04-11T23:24:01.535+0000] {dagbag.py:588} INFO - Filling up the DagBag from /opt/airflow/dags/cdc_dag.py
[2025-04-11T23:24:01.551+0000] {processor.py:925} INFO - DAG(s) 'cdc_airflow_dag' retrieved from /opt/airflow/dags/cdc_dag.py
[2025-04-11T23:24:01.566+0000] {logging_mixin.py:190} INFO - [2025-04-11T23:24:01.566+0000] {dag.py:3239} INFO - Sync 1 DAGs
[2025-04-11T23:24:01.587+0000] {logging_mixin.py:190} INFO - [2025-04-11T23:24:01.586+0000] {dag.py:4180} INFO - Setting next_dagrun for cdc_airflow_dag to 2025-04-11 22:00:00+00:00, run_after=2025-04-11 23:00:00+00:00
[2025-04-11T23:24:01.601+0000] {processor.py:208} INFO - Processing /opt/airflow/dags/cdc_dag.py took 0.074 seconds
[2025-04-11T23:24:31.648+0000] {processor.py:186} INFO - Started process (PID=2025) to work on /opt/airflow/dags/cdc_dag.py
[2025-04-11T23:24:31.649+0000] {processor.py:914} INFO - Processing file /opt/airflow/dags/cdc_dag.py for tasks to queue
[2025-04-11T23:24:31.651+0000] {logging_mixin.py:190} INFO - [2025-04-11T23:24:31.651+0000] {dagbag.py:588} INFO - Filling up the DagBag from /opt/airflow/dags/cdc_dag.py
[2025-04-11T23:24:31.674+0000] {processor.py:925} INFO - DAG(s) 'cdc_airflow_dag' retrieved from /opt/airflow/dags/cdc_dag.py
[2025-04-11T23:24:31.690+0000] {logging_mixin.py:190} INFO - [2025-04-11T23:24:31.689+0000] {dag.py:3239} INFO - Sync 1 DAGs
[2025-04-11T23:24:31.709+0000] {logging_mixin.py:190} INFO - [2025-04-11T23:24:31.709+0000] {dag.py:4180} INFO - Setting next_dagrun for cdc_airflow_dag to 2025-04-11 22:00:00+00:00, run_after=2025-04-11 23:00:00+00:00
[2025-04-11T23:24:31.729+0000] {processor.py:208} INFO - Processing /opt/airflow/dags/cdc_dag.py took 0.085 seconds
[2025-04-11T23:25:02.169+0000] {processor.py:186} INFO - Started process (PID=2086) to work on /opt/airflow/dags/cdc_dag.py
[2025-04-11T23:25:02.169+0000] {processor.py:914} INFO - Processing file /opt/airflow/dags/cdc_dag.py for tasks to queue
[2025-04-11T23:25:02.171+0000] {logging_mixin.py:190} INFO - [2025-04-11T23:25:02.171+0000] {dagbag.py:588} INFO - Filling up the DagBag from /opt/airflow/dags/cdc_dag.py
[2025-04-11T23:25:02.188+0000] {processor.py:925} INFO - DAG(s) 'cdc_airflow_dag' retrieved from /opt/airflow/dags/cdc_dag.py
[2025-04-11T23:25:02.202+0000] {logging_mixin.py:190} INFO - [2025-04-11T23:25:02.202+0000] {dag.py:3239} INFO - Sync 1 DAGs
[2025-04-11T23:25:02.221+0000] {logging_mixin.py:190} INFO - [2025-04-11T23:25:02.221+0000] {dag.py:4180} INFO - Setting next_dagrun for cdc_airflow_dag to 2025-04-11 22:00:00+00:00, run_after=2025-04-11 23:00:00+00:00
[2025-04-11T23:25:02.237+0000] {processor.py:208} INFO - Processing /opt/airflow/dags/cdc_dag.py took 0.073 seconds
[2025-04-11T23:25:32.367+0000] {processor.py:186} INFO - Started process (PID=2150) to work on /opt/airflow/dags/cdc_dag.py
[2025-04-11T23:25:32.368+0000] {processor.py:914} INFO - Processing file /opt/airflow/dags/cdc_dag.py for tasks to queue
[2025-04-11T23:25:32.370+0000] {logging_mixin.py:190} INFO - [2025-04-11T23:25:32.370+0000] {dagbag.py:588} INFO - Filling up the DagBag from /opt/airflow/dags/cdc_dag.py
[2025-04-11T23:25:32.386+0000] {processor.py:925} INFO - DAG(s) 'cdc_airflow_dag' retrieved from /opt/airflow/dags/cdc_dag.py
[2025-04-11T23:25:32.401+0000] {logging_mixin.py:190} INFO - [2025-04-11T23:25:32.401+0000] {dag.py:3239} INFO - Sync 1 DAGs
[2025-04-11T23:25:32.420+0000] {logging_mixin.py:190} INFO - [2025-04-11T23:25:32.420+0000] {dag.py:4180} INFO - Setting next_dagrun for cdc_airflow_dag to 2025-04-11 22:00:00+00:00, run_after=2025-04-11 23:00:00+00:00
[2025-04-11T23:25:32.436+0000] {processor.py:208} INFO - Processing /opt/airflow/dags/cdc_dag.py took 0.074 seconds
[2025-04-11T23:26:02.980+0000] {processor.py:186} INFO - Started process (PID=2214) to work on /opt/airflow/dags/cdc_dag.py
[2025-04-11T23:26:02.981+0000] {processor.py:914} INFO - Processing file /opt/airflow/dags/cdc_dag.py for tasks to queue
[2025-04-11T23:26:02.983+0000] {logging_mixin.py:190} INFO - [2025-04-11T23:26:02.983+0000] {dagbag.py:588} INFO - Filling up the DagBag from /opt/airflow/dags/cdc_dag.py
[2025-04-11T23:26:03.002+0000] {processor.py:925} INFO - DAG(s) 'cdc_airflow_dag' retrieved from /opt/airflow/dags/cdc_dag.py
[2025-04-11T23:26:03.019+0000] {logging_mixin.py:190} INFO - [2025-04-11T23:26:03.018+0000] {dag.py:3239} INFO - Sync 1 DAGs
[2025-04-11T23:26:03.039+0000] {logging_mixin.py:190} INFO - [2025-04-11T23:26:03.039+0000] {dag.py:4180} INFO - Setting next_dagrun for cdc_airflow_dag to 2025-04-11 22:00:00+00:00, run_after=2025-04-11 23:00:00+00:00
[2025-04-11T23:26:03.055+0000] {processor.py:208} INFO - Processing /opt/airflow/dags/cdc_dag.py took 0.081 seconds
[2025-04-11T23:26:33.885+0000] {processor.py:186} INFO - Started process (PID=2277) to work on /opt/airflow/dags/cdc_dag.py
[2025-04-11T23:26:33.886+0000] {processor.py:914} INFO - Processing file /opt/airflow/dags/cdc_dag.py for tasks to queue
[2025-04-11T23:26:33.888+0000] {logging_mixin.py:190} INFO - [2025-04-11T23:26:33.887+0000] {dagbag.py:588} INFO - Filling up the DagBag from /opt/airflow/dags/cdc_dag.py
[2025-04-11T23:26:33.904+0000] {processor.py:925} INFO - DAG(s) 'cdc_airflow_dag' retrieved from /opt/airflow/dags/cdc_dag.py
[2025-04-11T23:26:33.920+0000] {logging_mixin.py:190} INFO - [2025-04-11T23:26:33.920+0000] {dag.py:3239} INFO - Sync 1 DAGs
[2025-04-11T23:26:33.939+0000] {logging_mixin.py:190} INFO - [2025-04-11T23:26:33.939+0000] {dag.py:4180} INFO - Setting next_dagrun for cdc_airflow_dag to 2025-04-11 22:00:00+00:00, run_after=2025-04-11 23:00:00+00:00
[2025-04-11T23:26:33.958+0000] {processor.py:208} INFO - Processing /opt/airflow/dags/cdc_dag.py took 0.078 seconds
[2025-04-11T23:27:04.225+0000] {processor.py:186} INFO - Started process (PID=2341) to work on /opt/airflow/dags/cdc_dag.py
[2025-04-11T23:27:04.227+0000] {processor.py:914} INFO - Processing file /opt/airflow/dags/cdc_dag.py for tasks to queue
[2025-04-11T23:27:04.230+0000] {logging_mixin.py:190} INFO - [2025-04-11T23:27:04.229+0000] {dagbag.py:588} INFO - Filling up the DagBag from /opt/airflow/dags/cdc_dag.py
[2025-04-11T23:27:04.252+0000] {processor.py:925} INFO - DAG(s) 'cdc_airflow_dag' retrieved from /opt/airflow/dags/cdc_dag.py
[2025-04-11T23:27:04.266+0000] {logging_mixin.py:190} INFO - [2025-04-11T23:27:04.266+0000] {dag.py:3239} INFO - Sync 1 DAGs
[2025-04-11T23:27:04.284+0000] {logging_mixin.py:190} INFO - [2025-04-11T23:27:04.284+0000] {dag.py:4180} INFO - Setting next_dagrun for cdc_airflow_dag to 2025-04-11 22:00:00+00:00, run_after=2025-04-11 23:00:00+00:00
[2025-04-11T23:27:04.300+0000] {processor.py:208} INFO - Processing /opt/airflow/dags/cdc_dag.py took 0.083 seconds
[2025-04-11T23:27:34.622+0000] {processor.py:186} INFO - Started process (PID=2405) to work on /opt/airflow/dags/cdc_dag.py
[2025-04-11T23:27:34.623+0000] {processor.py:914} INFO - Processing file /opt/airflow/dags/cdc_dag.py for tasks to queue
[2025-04-11T23:27:34.625+0000] {logging_mixin.py:190} INFO - [2025-04-11T23:27:34.624+0000] {dagbag.py:588} INFO - Filling up the DagBag from /opt/airflow/dags/cdc_dag.py
[2025-04-11T23:27:34.638+0000] {processor.py:925} INFO - DAG(s) 'cdc_airflow_dag' retrieved from /opt/airflow/dags/cdc_dag.py
[2025-04-11T23:27:34.652+0000] {logging_mixin.py:190} INFO - [2025-04-11T23:27:34.652+0000] {dag.py:3239} INFO - Sync 1 DAGs
[2025-04-11T23:27:34.670+0000] {logging_mixin.py:190} INFO - [2025-04-11T23:27:34.670+0000] {dag.py:4180} INFO - Setting next_dagrun for cdc_airflow_dag to 2025-04-11 22:00:00+00:00, run_after=2025-04-11 23:00:00+00:00
[2025-04-11T23:27:34.687+0000] {processor.py:208} INFO - Processing /opt/airflow/dags/cdc_dag.py took 0.070 seconds
[2025-04-11T23:28:04.810+0000] {processor.py:186} INFO - Started process (PID=2469) to work on /opt/airflow/dags/cdc_dag.py
[2025-04-11T23:28:04.811+0000] {processor.py:914} INFO - Processing file /opt/airflow/dags/cdc_dag.py for tasks to queue
[2025-04-11T23:28:04.813+0000] {logging_mixin.py:190} INFO - [2025-04-11T23:28:04.813+0000] {dagbag.py:588} INFO - Filling up the DagBag from /opt/airflow/dags/cdc_dag.py
[2025-04-11T23:28:04.827+0000] {processor.py:925} INFO - DAG(s) 'cdc_airflow_dag' retrieved from /opt/airflow/dags/cdc_dag.py
[2025-04-11T23:28:04.840+0000] {logging_mixin.py:190} INFO - [2025-04-11T23:28:04.840+0000] {dag.py:3239} INFO - Sync 1 DAGs
[2025-04-11T23:28:04.858+0000] {logging_mixin.py:190} INFO - [2025-04-11T23:28:04.857+0000] {dag.py:4180} INFO - Setting next_dagrun for cdc_airflow_dag to 2025-04-11 22:00:00+00:00, run_after=2025-04-11 23:00:00+00:00
[2025-04-11T23:28:04.873+0000] {processor.py:208} INFO - Processing /opt/airflow/dags/cdc_dag.py took 0.067 seconds
[2025-04-11T23:28:34.956+0000] {processor.py:186} INFO - Started process (PID=2533) to work on /opt/airflow/dags/cdc_dag.py
[2025-04-11T23:28:34.957+0000] {processor.py:914} INFO - Processing file /opt/airflow/dags/cdc_dag.py for tasks to queue
[2025-04-11T23:28:34.960+0000] {logging_mixin.py:190} INFO - [2025-04-11T23:28:34.960+0000] {dagbag.py:588} INFO - Filling up the DagBag from /opt/airflow/dags/cdc_dag.py
[2025-04-11T23:28:34.987+0000] {processor.py:925} INFO - DAG(s) 'cdc_airflow_dag' retrieved from /opt/airflow/dags/cdc_dag.py
[2025-04-11T23:28:35.006+0000] {logging_mixin.py:190} INFO - [2025-04-11T23:28:35.006+0000] {dag.py:3239} INFO - Sync 1 DAGs
[2025-04-11T23:28:35.030+0000] {logging_mixin.py:190} INFO - [2025-04-11T23:28:35.030+0000] {dag.py:4180} INFO - Setting next_dagrun for cdc_airflow_dag to 2025-04-11 22:00:00+00:00, run_after=2025-04-11 23:00:00+00:00
[2025-04-11T23:28:35.047+0000] {processor.py:208} INFO - Processing /opt/airflow/dags/cdc_dag.py took 0.099 seconds
[2025-04-11T23:29:05.134+0000] {processor.py:186} INFO - Started process (PID=2596) to work on /opt/airflow/dags/cdc_dag.py
[2025-04-11T23:29:05.135+0000] {processor.py:914} INFO - Processing file /opt/airflow/dags/cdc_dag.py for tasks to queue
[2025-04-11T23:29:05.137+0000] {logging_mixin.py:190} INFO - [2025-04-11T23:29:05.137+0000] {dagbag.py:588} INFO - Filling up the DagBag from /opt/airflow/dags/cdc_dag.py
[2025-04-11T23:29:05.163+0000] {processor.py:925} INFO - DAG(s) 'cdc_airflow_dag' retrieved from /opt/airflow/dags/cdc_dag.py
[2025-04-11T23:29:05.183+0000] {logging_mixin.py:190} INFO - [2025-04-11T23:29:05.183+0000] {dag.py:3239} INFO - Sync 1 DAGs
[2025-04-11T23:29:05.201+0000] {logging_mixin.py:190} INFO - [2025-04-11T23:29:05.201+0000] {dag.py:4180} INFO - Setting next_dagrun for cdc_airflow_dag to 2025-04-11 22:00:00+00:00, run_after=2025-04-11 23:00:00+00:00
[2025-04-11T23:29:05.220+0000] {processor.py:208} INFO - Processing /opt/airflow/dags/cdc_dag.py took 0.091 seconds
[2025-04-11T23:29:35.772+0000] {processor.py:186} INFO - Started process (PID=2660) to work on /opt/airflow/dags/cdc_dag.py
[2025-04-11T23:29:35.773+0000] {processor.py:914} INFO - Processing file /opt/airflow/dags/cdc_dag.py for tasks to queue
[2025-04-11T23:29:35.775+0000] {logging_mixin.py:190} INFO - [2025-04-11T23:29:35.775+0000] {dagbag.py:588} INFO - Filling up the DagBag from /opt/airflow/dags/cdc_dag.py
[2025-04-11T23:29:35.792+0000] {processor.py:925} INFO - DAG(s) 'cdc_airflow_dag' retrieved from /opt/airflow/dags/cdc_dag.py
[2025-04-11T23:29:35.808+0000] {logging_mixin.py:190} INFO - [2025-04-11T23:29:35.808+0000] {dag.py:3239} INFO - Sync 1 DAGs
[2025-04-11T23:29:35.827+0000] {logging_mixin.py:190} INFO - [2025-04-11T23:29:35.827+0000] {dag.py:4180} INFO - Setting next_dagrun for cdc_airflow_dag to 2025-04-11 22:00:00+00:00, run_after=2025-04-11 23:00:00+00:00
[2025-04-11T23:29:35.847+0000] {processor.py:208} INFO - Processing /opt/airflow/dags/cdc_dag.py took 0.080 seconds
[2025-04-11T23:30:06.422+0000] {processor.py:186} INFO - Started process (PID=2724) to work on /opt/airflow/dags/cdc_dag.py
[2025-04-11T23:30:06.423+0000] {processor.py:914} INFO - Processing file /opt/airflow/dags/cdc_dag.py for tasks to queue
[2025-04-11T23:30:06.425+0000] {logging_mixin.py:190} INFO - [2025-04-11T23:30:06.425+0000] {dagbag.py:588} INFO - Filling up the DagBag from /opt/airflow/dags/cdc_dag.py
[2025-04-11T23:30:06.442+0000] {processor.py:925} INFO - DAG(s) 'cdc_airflow_dag' retrieved from /opt/airflow/dags/cdc_dag.py
[2025-04-11T23:30:06.456+0000] {logging_mixin.py:190} INFO - [2025-04-11T23:30:06.456+0000] {dag.py:3239} INFO - Sync 1 DAGs
[2025-04-11T23:30:06.474+0000] {logging_mixin.py:190} INFO - [2025-04-11T23:30:06.474+0000] {dag.py:4180} INFO - Setting next_dagrun for cdc_airflow_dag to 2025-04-11 22:00:00+00:00, run_after=2025-04-11 23:00:00+00:00
[2025-04-11T23:30:06.491+0000] {processor.py:208} INFO - Processing /opt/airflow/dags/cdc_dag.py took 0.073 seconds
[2025-04-11T23:30:37.005+0000] {processor.py:186} INFO - Started process (PID=2788) to work on /opt/airflow/dags/cdc_dag.py
[2025-04-11T23:30:37.006+0000] {processor.py:914} INFO - Processing file /opt/airflow/dags/cdc_dag.py for tasks to queue
[2025-04-11T23:30:37.008+0000] {logging_mixin.py:190} INFO - [2025-04-11T23:30:37.008+0000] {dagbag.py:588} INFO - Filling up the DagBag from /opt/airflow/dags/cdc_dag.py
[2025-04-11T23:30:37.025+0000] {processor.py:925} INFO - DAG(s) 'cdc_airflow_dag' retrieved from /opt/airflow/dags/cdc_dag.py
[2025-04-11T23:30:37.040+0000] {logging_mixin.py:190} INFO - [2025-04-11T23:30:37.040+0000] {dag.py:3239} INFO - Sync 1 DAGs
[2025-04-11T23:30:37.059+0000] {logging_mixin.py:190} INFO - [2025-04-11T23:30:37.059+0000] {dag.py:4180} INFO - Setting next_dagrun for cdc_airflow_dag to 2025-04-11 22:00:00+00:00, run_after=2025-04-11 23:00:00+00:00
[2025-04-11T23:30:37.076+0000] {processor.py:208} INFO - Processing /opt/airflow/dags/cdc_dag.py took 0.076 seconds
[2025-04-11T23:31:07.625+0000] {processor.py:186} INFO - Started process (PID=2852) to work on /opt/airflow/dags/cdc_dag.py
[2025-04-11T23:31:07.626+0000] {processor.py:914} INFO - Processing file /opt/airflow/dags/cdc_dag.py for tasks to queue
[2025-04-11T23:31:07.628+0000] {logging_mixin.py:190} INFO - [2025-04-11T23:31:07.628+0000] {dagbag.py:588} INFO - Filling up the DagBag from /opt/airflow/dags/cdc_dag.py
[2025-04-11T23:31:07.646+0000] {processor.py:925} INFO - DAG(s) 'cdc_airflow_dag' retrieved from /opt/airflow/dags/cdc_dag.py
[2025-04-11T23:31:07.660+0000] {logging_mixin.py:190} INFO - [2025-04-11T23:31:07.660+0000] {dag.py:3239} INFO - Sync 1 DAGs
[2025-04-11T23:31:07.678+0000] {logging_mixin.py:190} INFO - [2025-04-11T23:31:07.678+0000] {dag.py:4180} INFO - Setting next_dagrun for cdc_airflow_dag to 2025-04-11 22:00:00+00:00, run_after=2025-04-11 23:00:00+00:00
[2025-04-11T23:31:07.695+0000] {processor.py:208} INFO - Processing /opt/airflow/dags/cdc_dag.py took 0.074 seconds
[2025-04-11T23:31:38.150+0000] {processor.py:186} INFO - Started process (PID=2916) to work on /opt/airflow/dags/cdc_dag.py
[2025-04-11T23:31:38.151+0000] {processor.py:914} INFO - Processing file /opt/airflow/dags/cdc_dag.py for tasks to queue
[2025-04-11T23:31:38.153+0000] {logging_mixin.py:190} INFO - [2025-04-11T23:31:38.153+0000] {dagbag.py:588} INFO - Filling up the DagBag from /opt/airflow/dags/cdc_dag.py
[2025-04-11T23:31:38.169+0000] {processor.py:925} INFO - DAG(s) 'cdc_airflow_dag' retrieved from /opt/airflow/dags/cdc_dag.py
[2025-04-11T23:31:38.183+0000] {logging_mixin.py:190} INFO - [2025-04-11T23:31:38.183+0000] {dag.py:3239} INFO - Sync 1 DAGs
[2025-04-11T23:31:38.205+0000] {logging_mixin.py:190} INFO - [2025-04-11T23:31:38.205+0000] {dag.py:4180} INFO - Setting next_dagrun for cdc_airflow_dag to 2025-04-11 22:00:00+00:00, run_after=2025-04-11 23:00:00+00:00
[2025-04-11T23:31:38.229+0000] {processor.py:208} INFO - Processing /opt/airflow/dags/cdc_dag.py took 0.084 seconds
[2025-04-11T23:32:08.819+0000] {processor.py:186} INFO - Started process (PID=2980) to work on /opt/airflow/dags/cdc_dag.py
[2025-04-11T23:32:08.820+0000] {processor.py:914} INFO - Processing file /opt/airflow/dags/cdc_dag.py for tasks to queue
[2025-04-11T23:32:08.822+0000] {logging_mixin.py:190} INFO - [2025-04-11T23:32:08.821+0000] {dagbag.py:588} INFO - Filling up the DagBag from /opt/airflow/dags/cdc_dag.py
[2025-04-11T23:32:08.840+0000] {processor.py:925} INFO - DAG(s) 'cdc_airflow_dag' retrieved from /opt/airflow/dags/cdc_dag.py
[2025-04-11T23:32:08.860+0000] {logging_mixin.py:190} INFO - [2025-04-11T23:32:08.860+0000] {dag.py:3239} INFO - Sync 1 DAGs
[2025-04-11T23:32:08.885+0000] {logging_mixin.py:190} INFO - [2025-04-11T23:32:08.885+0000] {dag.py:4180} INFO - Setting next_dagrun for cdc_airflow_dag to 2025-04-11 22:00:00+00:00, run_after=2025-04-11 23:00:00+00:00
[2025-04-11T23:32:08.908+0000] {processor.py:208} INFO - Processing /opt/airflow/dags/cdc_dag.py took 0.093 seconds
[2025-04-11T23:32:39.738+0000] {processor.py:186} INFO - Started process (PID=3044) to work on /opt/airflow/dags/cdc_dag.py
[2025-04-11T23:32:39.739+0000] {processor.py:914} INFO - Processing file /opt/airflow/dags/cdc_dag.py for tasks to queue
[2025-04-11T23:32:39.741+0000] {logging_mixin.py:190} INFO - [2025-04-11T23:32:39.741+0000] {dagbag.py:588} INFO - Filling up the DagBag from /opt/airflow/dags/cdc_dag.py
[2025-04-11T23:32:39.755+0000] {processor.py:925} INFO - DAG(s) 'cdc_airflow_dag' retrieved from /opt/airflow/dags/cdc_dag.py
[2025-04-11T23:32:39.772+0000] {logging_mixin.py:190} INFO - [2025-04-11T23:32:39.772+0000] {dag.py:3239} INFO - Sync 1 DAGs
[2025-04-11T23:32:39.793+0000] {logging_mixin.py:190} INFO - [2025-04-11T23:32:39.792+0000] {dag.py:4180} INFO - Setting next_dagrun for cdc_airflow_dag to 2025-04-11 22:00:00+00:00, run_after=2025-04-11 23:00:00+00:00
[2025-04-11T23:32:39.813+0000] {processor.py:208} INFO - Processing /opt/airflow/dags/cdc_dag.py took 0.080 seconds
[2025-04-11T23:33:10.056+0000] {processor.py:186} INFO - Started process (PID=3108) to work on /opt/airflow/dags/cdc_dag.py
[2025-04-11T23:33:10.057+0000] {processor.py:914} INFO - Processing file /opt/airflow/dags/cdc_dag.py for tasks to queue
[2025-04-11T23:33:10.060+0000] {logging_mixin.py:190} INFO - [2025-04-11T23:33:10.059+0000] {dagbag.py:588} INFO - Filling up the DagBag from /opt/airflow/dags/cdc_dag.py
[2025-04-11T23:33:10.082+0000] {processor.py:925} INFO - DAG(s) 'cdc_airflow_dag' retrieved from /opt/airflow/dags/cdc_dag.py
[2025-04-11T23:33:10.100+0000] {logging_mixin.py:190} INFO - [2025-04-11T23:33:10.100+0000] {dag.py:3239} INFO - Sync 1 DAGs
[2025-04-11T23:33:10.123+0000] {logging_mixin.py:190} INFO - [2025-04-11T23:33:10.122+0000] {dag.py:4180} INFO - Setting next_dagrun for cdc_airflow_dag to 2025-04-11 22:00:00+00:00, run_after=2025-04-11 23:00:00+00:00
[2025-04-11T23:33:10.141+0000] {processor.py:208} INFO - Processing /opt/airflow/dags/cdc_dag.py took 0.092 seconds
[2025-04-11T23:33:40.252+0000] {processor.py:186} INFO - Started process (PID=3172) to work on /opt/airflow/dags/cdc_dag.py
[2025-04-11T23:33:40.254+0000] {processor.py:914} INFO - Processing file /opt/airflow/dags/cdc_dag.py for tasks to queue
[2025-04-11T23:33:40.257+0000] {logging_mixin.py:190} INFO - [2025-04-11T23:33:40.256+0000] {dagbag.py:588} INFO - Filling up the DagBag from /opt/airflow/dags/cdc_dag.py
[2025-04-11T23:33:40.274+0000] {processor.py:925} INFO - DAG(s) 'cdc_airflow_dag' retrieved from /opt/airflow/dags/cdc_dag.py
[2025-04-11T23:33:40.288+0000] {logging_mixin.py:190} INFO - [2025-04-11T23:33:40.288+0000] {dag.py:3239} INFO - Sync 1 DAGs
[2025-04-11T23:33:40.307+0000] {logging_mixin.py:190} INFO - [2025-04-11T23:33:40.307+0000] {dag.py:4180} INFO - Setting next_dagrun for cdc_airflow_dag to 2025-04-11 22:00:00+00:00, run_after=2025-04-11 23:00:00+00:00
[2025-04-11T23:33:40.326+0000] {processor.py:208} INFO - Processing /opt/airflow/dags/cdc_dag.py took 0.079 seconds
[2025-04-11T23:34:11.210+0000] {processor.py:186} INFO - Started process (PID=3236) to work on /opt/airflow/dags/cdc_dag.py
[2025-04-11T23:34:11.212+0000] {processor.py:914} INFO - Processing file /opt/airflow/dags/cdc_dag.py for tasks to queue
[2025-04-11T23:34:11.214+0000] {logging_mixin.py:190} INFO - [2025-04-11T23:34:11.214+0000] {dagbag.py:588} INFO - Filling up the DagBag from /opt/airflow/dags/cdc_dag.py
[2025-04-11T23:34:11.235+0000] {processor.py:925} INFO - DAG(s) 'cdc_airflow_dag' retrieved from /opt/airflow/dags/cdc_dag.py
[2025-04-11T23:34:11.250+0000] {logging_mixin.py:190} INFO - [2025-04-11T23:34:11.250+0000] {dag.py:3239} INFO - Sync 1 DAGs
[2025-04-11T23:34:11.268+0000] {logging_mixin.py:190} INFO - [2025-04-11T23:34:11.268+0000] {dag.py:4180} INFO - Setting next_dagrun for cdc_airflow_dag to 2025-04-11 22:00:00+00:00, run_after=2025-04-11 23:00:00+00:00
[2025-04-11T23:34:11.284+0000] {processor.py:208} INFO - Processing /opt/airflow/dags/cdc_dag.py took 0.078 seconds
[2025-04-11T23:34:41.669+0000] {processor.py:186} INFO - Started process (PID=3300) to work on /opt/airflow/dags/cdc_dag.py
[2025-04-11T23:34:41.670+0000] {processor.py:914} INFO - Processing file /opt/airflow/dags/cdc_dag.py for tasks to queue
[2025-04-11T23:34:41.673+0000] {logging_mixin.py:190} INFO - [2025-04-11T23:34:41.672+0000] {dagbag.py:588} INFO - Filling up the DagBag from /opt/airflow/dags/cdc_dag.py
[2025-04-11T23:34:41.688+0000] {processor.py:925} INFO - DAG(s) 'cdc_airflow_dag' retrieved from /opt/airflow/dags/cdc_dag.py
[2025-04-11T23:34:41.705+0000] {logging_mixin.py:190} INFO - [2025-04-11T23:34:41.705+0000] {dag.py:3239} INFO - Sync 1 DAGs
[2025-04-11T23:34:41.729+0000] {logging_mixin.py:190} INFO - [2025-04-11T23:34:41.729+0000] {dag.py:4180} INFO - Setting next_dagrun for cdc_airflow_dag to 2025-04-11 22:00:00+00:00, run_after=2025-04-11 23:00:00+00:00
[2025-04-11T23:34:41.749+0000] {processor.py:208} INFO - Processing /opt/airflow/dags/cdc_dag.py took 0.085 seconds
[2025-04-11T23:35:12.420+0000] {processor.py:186} INFO - Started process (PID=3364) to work on /opt/airflow/dags/cdc_dag.py
[2025-04-11T23:35:12.421+0000] {processor.py:914} INFO - Processing file /opt/airflow/dags/cdc_dag.py for tasks to queue
[2025-04-11T23:35:12.423+0000] {logging_mixin.py:190} INFO - [2025-04-11T23:35:12.423+0000] {dagbag.py:588} INFO - Filling up the DagBag from /opt/airflow/dags/cdc_dag.py
[2025-04-11T23:35:12.438+0000] {processor.py:925} INFO - DAG(s) 'cdc_airflow_dag' retrieved from /opt/airflow/dags/cdc_dag.py
[2025-04-11T23:35:12.453+0000] {logging_mixin.py:190} INFO - [2025-04-11T23:35:12.453+0000] {dag.py:3239} INFO - Sync 1 DAGs
[2025-04-11T23:35:12.473+0000] {logging_mixin.py:190} INFO - [2025-04-11T23:35:12.473+0000] {dag.py:4180} INFO - Setting next_dagrun for cdc_airflow_dag to 2025-04-11 22:00:00+00:00, run_after=2025-04-11 23:00:00+00:00
[2025-04-11T23:35:12.489+0000] {processor.py:208} INFO - Processing /opt/airflow/dags/cdc_dag.py took 0.073 seconds
[2025-04-11T23:35:42.525+0000] {processor.py:186} INFO - Started process (PID=3428) to work on /opt/airflow/dags/cdc_dag.py
[2025-04-11T23:35:42.527+0000] {processor.py:914} INFO - Processing file /opt/airflow/dags/cdc_dag.py for tasks to queue
[2025-04-11T23:35:42.529+0000] {logging_mixin.py:190} INFO - [2025-04-11T23:35:42.529+0000] {dagbag.py:588} INFO - Filling up the DagBag from /opt/airflow/dags/cdc_dag.py
[2025-04-11T23:35:42.546+0000] {processor.py:925} INFO - DAG(s) 'cdc_airflow_dag' retrieved from /opt/airflow/dags/cdc_dag.py
[2025-04-11T23:35:42.560+0000] {logging_mixin.py:190} INFO - [2025-04-11T23:35:42.560+0000] {dag.py:3239} INFO - Sync 1 DAGs
[2025-04-11T23:35:42.578+0000] {logging_mixin.py:190} INFO - [2025-04-11T23:35:42.578+0000] {dag.py:4180} INFO - Setting next_dagrun for cdc_airflow_dag to 2025-04-11 22:00:00+00:00, run_after=2025-04-11 23:00:00+00:00
[2025-04-11T23:35:42.593+0000] {processor.py:208} INFO - Processing /opt/airflow/dags/cdc_dag.py took 0.073 seconds
[2025-04-11T23:36:12.774+0000] {processor.py:186} INFO - Started process (PID=3492) to work on /opt/airflow/dags/cdc_dag.py
[2025-04-11T23:36:12.775+0000] {processor.py:914} INFO - Processing file /opt/airflow/dags/cdc_dag.py for tasks to queue
[2025-04-11T23:36:12.777+0000] {logging_mixin.py:190} INFO - [2025-04-11T23:36:12.776+0000] {dagbag.py:588} INFO - Filling up the DagBag from /opt/airflow/dags/cdc_dag.py
[2025-04-11T23:36:12.793+0000] {processor.py:925} INFO - DAG(s) 'cdc_airflow_dag' retrieved from /opt/airflow/dags/cdc_dag.py
[2025-04-11T23:36:12.807+0000] {logging_mixin.py:190} INFO - [2025-04-11T23:36:12.806+0000] {dag.py:3239} INFO - Sync 1 DAGs
[2025-04-11T23:36:12.825+0000] {logging_mixin.py:190} INFO - [2025-04-11T23:36:12.824+0000] {dag.py:4180} INFO - Setting next_dagrun for cdc_airflow_dag to 2025-04-11 22:00:00+00:00, run_after=2025-04-11 23:00:00+00:00
[2025-04-11T23:36:12.842+0000] {processor.py:208} INFO - Processing /opt/airflow/dags/cdc_dag.py took 0.073 seconds
[2025-04-11T23:36:43.047+0000] {processor.py:186} INFO - Started process (PID=3556) to work on /opt/airflow/dags/cdc_dag.py
[2025-04-11T23:36:43.048+0000] {processor.py:914} INFO - Processing file /opt/airflow/dags/cdc_dag.py for tasks to queue
[2025-04-11T23:36:43.050+0000] {logging_mixin.py:190} INFO - [2025-04-11T23:36:43.050+0000] {dagbag.py:588} INFO - Filling up the DagBag from /opt/airflow/dags/cdc_dag.py
[2025-04-11T23:36:43.074+0000] {processor.py:925} INFO - DAG(s) 'cdc_airflow_dag' retrieved from /opt/airflow/dags/cdc_dag.py
[2025-04-11T23:36:43.094+0000] {logging_mixin.py:190} INFO - [2025-04-11T23:36:43.094+0000] {dag.py:3239} INFO - Sync 1 DAGs
[2025-04-11T23:36:43.117+0000] {logging_mixin.py:190} INFO - [2025-04-11T23:36:43.117+0000] {dag.py:4180} INFO - Setting next_dagrun for cdc_airflow_dag to 2025-04-11 22:00:00+00:00, run_after=2025-04-11 23:00:00+00:00
[2025-04-11T23:36:43.135+0000] {processor.py:208} INFO - Processing /opt/airflow/dags/cdc_dag.py took 0.094 seconds
[2025-04-11T23:37:13.281+0000] {processor.py:186} INFO - Started process (PID=3620) to work on /opt/airflow/dags/cdc_dag.py
[2025-04-11T23:37:13.282+0000] {processor.py:914} INFO - Processing file /opt/airflow/dags/cdc_dag.py for tasks to queue
[2025-04-11T23:37:13.284+0000] {logging_mixin.py:190} INFO - [2025-04-11T23:37:13.284+0000] {dagbag.py:588} INFO - Filling up the DagBag from /opt/airflow/dags/cdc_dag.py
[2025-04-11T23:37:13.302+0000] {processor.py:925} INFO - DAG(s) 'cdc_airflow_dag' retrieved from /opt/airflow/dags/cdc_dag.py
[2025-04-11T23:37:13.316+0000] {logging_mixin.py:190} INFO - [2025-04-11T23:37:13.316+0000] {dag.py:3239} INFO - Sync 1 DAGs
[2025-04-11T23:37:13.335+0000] {logging_mixin.py:190} INFO - [2025-04-11T23:37:13.335+0000] {dag.py:4180} INFO - Setting next_dagrun for cdc_airflow_dag to 2025-04-11 22:00:00+00:00, run_after=2025-04-11 23:00:00+00:00
[2025-04-11T23:37:13.351+0000] {processor.py:208} INFO - Processing /opt/airflow/dags/cdc_dag.py took 0.075 seconds
[2025-04-11T23:37:43.809+0000] {processor.py:186} INFO - Started process (PID=3684) to work on /opt/airflow/dags/cdc_dag.py
[2025-04-11T23:37:43.810+0000] {processor.py:914} INFO - Processing file /opt/airflow/dags/cdc_dag.py for tasks to queue
[2025-04-11T23:37:43.812+0000] {logging_mixin.py:190} INFO - [2025-04-11T23:37:43.811+0000] {dagbag.py:588} INFO - Filling up the DagBag from /opt/airflow/dags/cdc_dag.py
[2025-04-11T23:37:43.828+0000] {processor.py:925} INFO - DAG(s) 'cdc_airflow_dag' retrieved from /opt/airflow/dags/cdc_dag.py
[2025-04-11T23:37:43.842+0000] {logging_mixin.py:190} INFO - [2025-04-11T23:37:43.842+0000] {dag.py:3239} INFO - Sync 1 DAGs
[2025-04-11T23:37:43.860+0000] {logging_mixin.py:190} INFO - [2025-04-11T23:37:43.860+0000] {dag.py:4180} INFO - Setting next_dagrun for cdc_airflow_dag to 2025-04-11 22:00:00+00:00, run_after=2025-04-11 23:00:00+00:00
[2025-04-11T23:37:43.875+0000] {processor.py:208} INFO - Processing /opt/airflow/dags/cdc_dag.py took 0.071 seconds
[2025-04-11T23:38:14.814+0000] {processor.py:186} INFO - Started process (PID=3748) to work on /opt/airflow/dags/cdc_dag.py
[2025-04-11T23:38:14.815+0000] {processor.py:914} INFO - Processing file /opt/airflow/dags/cdc_dag.py for tasks to queue
[2025-04-11T23:38:14.817+0000] {logging_mixin.py:190} INFO - [2025-04-11T23:38:14.817+0000] {dagbag.py:588} INFO - Filling up the DagBag from /opt/airflow/dags/cdc_dag.py
[2025-04-11T23:38:14.834+0000] {processor.py:925} INFO - DAG(s) 'cdc_airflow_dag' retrieved from /opt/airflow/dags/cdc_dag.py
[2025-04-11T23:38:14.849+0000] {logging_mixin.py:190} INFO - [2025-04-11T23:38:14.849+0000] {dag.py:3239} INFO - Sync 1 DAGs
[2025-04-11T23:38:14.871+0000] {logging_mixin.py:190} INFO - [2025-04-11T23:38:14.871+0000] {dag.py:4180} INFO - Setting next_dagrun for cdc_airflow_dag to 2025-04-11 22:00:00+00:00, run_after=2025-04-11 23:00:00+00:00
[2025-04-11T23:38:14.895+0000] {processor.py:208} INFO - Processing /opt/airflow/dags/cdc_dag.py took 0.087 seconds
[2025-04-11T23:38:45.437+0000] {processor.py:186} INFO - Started process (PID=3812) to work on /opt/airflow/dags/cdc_dag.py
[2025-04-11T23:38:45.438+0000] {processor.py:914} INFO - Processing file /opt/airflow/dags/cdc_dag.py for tasks to queue
[2025-04-11T23:38:45.440+0000] {logging_mixin.py:190} INFO - [2025-04-11T23:38:45.439+0000] {dagbag.py:588} INFO - Filling up the DagBag from /opt/airflow/dags/cdc_dag.py
[2025-04-11T23:38:45.457+0000] {processor.py:925} INFO - DAG(s) 'cdc_airflow_dag' retrieved from /opt/airflow/dags/cdc_dag.py
[2025-04-11T23:38:45.472+0000] {logging_mixin.py:190} INFO - [2025-04-11T23:38:45.472+0000] {dag.py:3239} INFO - Sync 1 DAGs
[2025-04-11T23:38:45.492+0000] {logging_mixin.py:190} INFO - [2025-04-11T23:38:45.492+0000] {dag.py:4180} INFO - Setting next_dagrun for cdc_airflow_dag to 2025-04-11 22:00:00+00:00, run_after=2025-04-11 23:00:00+00:00
[2025-04-11T23:38:45.508+0000] {processor.py:208} INFO - Processing /opt/airflow/dags/cdc_dag.py took 0.076 seconds
[2025-04-11T23:39:16.247+0000] {processor.py:186} INFO - Started process (PID=3875) to work on /opt/airflow/dags/cdc_dag.py
[2025-04-11T23:39:16.248+0000] {processor.py:914} INFO - Processing file /opt/airflow/dags/cdc_dag.py for tasks to queue
[2025-04-11T23:39:16.249+0000] {logging_mixin.py:190} INFO - [2025-04-11T23:39:16.249+0000] {dagbag.py:588} INFO - Filling up the DagBag from /opt/airflow/dags/cdc_dag.py
[2025-04-11T23:39:16.264+0000] {processor.py:925} INFO - DAG(s) 'cdc_airflow_dag' retrieved from /opt/airflow/dags/cdc_dag.py
[2025-04-11T23:39:16.278+0000] {logging_mixin.py:190} INFO - [2025-04-11T23:39:16.278+0000] {dag.py:3239} INFO - Sync 1 DAGs
[2025-04-11T23:39:16.414+0000] {logging_mixin.py:190} INFO - [2025-04-11T23:39:16.414+0000] {dag.py:4180} INFO - Setting next_dagrun for cdc_airflow_dag to 2025-04-11 22:00:00+00:00, run_after=2025-04-11 23:00:00+00:00
[2025-04-11T23:39:16.430+0000] {processor.py:208} INFO - Processing /opt/airflow/dags/cdc_dag.py took 0.188 seconds
[2025-04-11T23:39:47.073+0000] {processor.py:186} INFO - Started process (PID=3939) to work on /opt/airflow/dags/cdc_dag.py
[2025-04-11T23:39:47.074+0000] {processor.py:914} INFO - Processing file /opt/airflow/dags/cdc_dag.py for tasks to queue
[2025-04-11T23:39:47.077+0000] {logging_mixin.py:190} INFO - [2025-04-11T23:39:47.076+0000] {dagbag.py:588} INFO - Filling up the DagBag from /opt/airflow/dags/cdc_dag.py
[2025-04-11T23:39:47.101+0000] {processor.py:925} INFO - DAG(s) 'cdc_airflow_dag' retrieved from /opt/airflow/dags/cdc_dag.py
[2025-04-11T23:39:47.120+0000] {logging_mixin.py:190} INFO - [2025-04-11T23:39:47.120+0000] {dag.py:3239} INFO - Sync 1 DAGs
[2025-04-11T23:39:47.142+0000] {logging_mixin.py:190} INFO - [2025-04-11T23:39:47.141+0000] {dag.py:4180} INFO - Setting next_dagrun for cdc_airflow_dag to 2025-04-11 22:00:00+00:00, run_after=2025-04-11 23:00:00+00:00
[2025-04-11T23:39:47.292+0000] {processor.py:208} INFO - Processing /opt/airflow/dags/cdc_dag.py took 0.224 seconds
[2025-04-11T23:40:18.321+0000] {processor.py:186} INFO - Started process (PID=4003) to work on /opt/airflow/dags/cdc_dag.py
[2025-04-11T23:40:18.322+0000] {processor.py:914} INFO - Processing file /opt/airflow/dags/cdc_dag.py for tasks to queue
[2025-04-11T23:40:18.324+0000] {logging_mixin.py:190} INFO - [2025-04-11T23:40:18.324+0000] {dagbag.py:588} INFO - Filling up the DagBag from /opt/airflow/dags/cdc_dag.py
[2025-04-11T23:40:18.350+0000] {processor.py:925} INFO - DAG(s) 'cdc_airflow_dag' retrieved from /opt/airflow/dags/cdc_dag.py
[2025-04-11T23:40:18.369+0000] {logging_mixin.py:190} INFO - [2025-04-11T23:40:18.368+0000] {dag.py:3239} INFO - Sync 1 DAGs
[2025-04-11T23:40:18.394+0000] {logging_mixin.py:190} INFO - [2025-04-11T23:40:18.394+0000] {dag.py:4180} INFO - Setting next_dagrun for cdc_airflow_dag to 2025-04-11 22:00:00+00:00, run_after=2025-04-11 23:00:00+00:00
[2025-04-11T23:40:18.413+0000] {processor.py:208} INFO - Processing /opt/airflow/dags/cdc_dag.py took 0.097 seconds
[2025-04-11T23:40:48.514+0000] {processor.py:186} INFO - Started process (PID=4067) to work on /opt/airflow/dags/cdc_dag.py
[2025-04-11T23:40:48.515+0000] {processor.py:914} INFO - Processing file /opt/airflow/dags/cdc_dag.py for tasks to queue
[2025-04-11T23:40:48.517+0000] {logging_mixin.py:190} INFO - [2025-04-11T23:40:48.517+0000] {dagbag.py:588} INFO - Filling up the DagBag from /opt/airflow/dags/cdc_dag.py
[2025-04-11T23:40:48.535+0000] {processor.py:925} INFO - DAG(s) 'cdc_airflow_dag' retrieved from /opt/airflow/dags/cdc_dag.py
[2025-04-11T23:40:48.548+0000] {logging_mixin.py:190} INFO - [2025-04-11T23:40:48.547+0000] {dag.py:3239} INFO - Sync 1 DAGs
[2025-04-11T23:40:48.568+0000] {logging_mixin.py:190} INFO - [2025-04-11T23:40:48.567+0000] {dag.py:4180} INFO - Setting next_dagrun for cdc_airflow_dag to 2025-04-11 22:00:00+00:00, run_after=2025-04-11 23:00:00+00:00
[2025-04-11T23:40:48.586+0000] {processor.py:208} INFO - Processing /opt/airflow/dags/cdc_dag.py took 0.077 seconds
[2025-04-11T23:41:18.734+0000] {processor.py:186} INFO - Started process (PID=4131) to work on /opt/airflow/dags/cdc_dag.py
[2025-04-11T23:41:18.735+0000] {processor.py:914} INFO - Processing file /opt/airflow/dags/cdc_dag.py for tasks to queue
[2025-04-11T23:41:18.737+0000] {logging_mixin.py:190} INFO - [2025-04-11T23:41:18.736+0000] {dagbag.py:588} INFO - Filling up the DagBag from /opt/airflow/dags/cdc_dag.py
[2025-04-11T23:41:18.754+0000] {processor.py:925} INFO - DAG(s) 'cdc_airflow_dag' retrieved from /opt/airflow/dags/cdc_dag.py
[2025-04-11T23:41:18.769+0000] {logging_mixin.py:190} INFO - [2025-04-11T23:41:18.768+0000] {dag.py:3239} INFO - Sync 1 DAGs
[2025-04-11T23:41:18.790+0000] {logging_mixin.py:190} INFO - [2025-04-11T23:41:18.790+0000] {dag.py:4180} INFO - Setting next_dagrun for cdc_airflow_dag to 2025-04-11 22:00:00+00:00, run_after=2025-04-11 23:00:00+00:00
[2025-04-11T23:41:18.813+0000] {processor.py:208} INFO - Processing /opt/airflow/dags/cdc_dag.py took 0.084 seconds
[2025-04-11T23:41:48.991+0000] {processor.py:186} INFO - Started process (PID=4195) to work on /opt/airflow/dags/cdc_dag.py
[2025-04-11T23:41:48.992+0000] {processor.py:914} INFO - Processing file /opt/airflow/dags/cdc_dag.py for tasks to queue
[2025-04-11T23:41:48.994+0000] {logging_mixin.py:190} INFO - [2025-04-11T23:41:48.993+0000] {dagbag.py:588} INFO - Filling up the DagBag from /opt/airflow/dags/cdc_dag.py
[2025-04-11T23:41:49.013+0000] {processor.py:925} INFO - DAG(s) 'cdc_airflow_dag' retrieved from /opt/airflow/dags/cdc_dag.py
[2025-04-11T23:41:49.028+0000] {logging_mixin.py:190} INFO - [2025-04-11T23:41:49.028+0000] {dag.py:3239} INFO - Sync 1 DAGs
[2025-04-11T23:41:49.047+0000] {logging_mixin.py:190} INFO - [2025-04-11T23:41:49.047+0000] {dag.py:4180} INFO - Setting next_dagrun for cdc_airflow_dag to 2025-04-11 22:00:00+00:00, run_after=2025-04-11 23:00:00+00:00
[2025-04-11T23:41:49.061+0000] {processor.py:208} INFO - Processing /opt/airflow/dags/cdc_dag.py took 0.076 seconds
[2025-04-11T23:42:19.294+0000] {processor.py:186} INFO - Started process (PID=4259) to work on /opt/airflow/dags/cdc_dag.py
[2025-04-11T23:42:19.295+0000] {processor.py:914} INFO - Processing file /opt/airflow/dags/cdc_dag.py for tasks to queue
[2025-04-11T23:42:19.297+0000] {logging_mixin.py:190} INFO - [2025-04-11T23:42:19.297+0000] {dagbag.py:588} INFO - Filling up the DagBag from /opt/airflow/dags/cdc_dag.py
[2025-04-11T23:42:19.312+0000] {processor.py:925} INFO - DAG(s) 'cdc_airflow_dag' retrieved from /opt/airflow/dags/cdc_dag.py
[2025-04-11T23:42:19.327+0000] {logging_mixin.py:190} INFO - [2025-04-11T23:42:19.326+0000] {dag.py:3239} INFO - Sync 1 DAGs
[2025-04-11T23:42:19.348+0000] {logging_mixin.py:190} INFO - [2025-04-11T23:42:19.348+0000] {dag.py:4180} INFO - Setting next_dagrun for cdc_airflow_dag to 2025-04-11 22:00:00+00:00, run_after=2025-04-11 23:00:00+00:00
[2025-04-11T23:42:19.363+0000] {processor.py:208} INFO - Processing /opt/airflow/dags/cdc_dag.py took 0.073 seconds
[2025-04-11T23:42:50.051+0000] {processor.py:186} INFO - Started process (PID=4323) to work on /opt/airflow/dags/cdc_dag.py
[2025-04-11T23:42:50.051+0000] {processor.py:914} INFO - Processing file /opt/airflow/dags/cdc_dag.py for tasks to queue
[2025-04-11T23:42:50.053+0000] {logging_mixin.py:190} INFO - [2025-04-11T23:42:50.053+0000] {dagbag.py:588} INFO - Filling up the DagBag from /opt/airflow/dags/cdc_dag.py
[2025-04-11T23:42:50.071+0000] {processor.py:925} INFO - DAG(s) 'cdc_airflow_dag' retrieved from /opt/airflow/dags/cdc_dag.py
[2025-04-11T23:42:50.084+0000] {logging_mixin.py:190} INFO - [2025-04-11T23:42:50.084+0000] {dag.py:3239} INFO - Sync 1 DAGs
[2025-04-11T23:42:50.102+0000] {logging_mixin.py:190} INFO - [2025-04-11T23:42:50.102+0000] {dag.py:4180} INFO - Setting next_dagrun for cdc_airflow_dag to 2025-04-11 22:00:00+00:00, run_after=2025-04-11 23:00:00+00:00
[2025-04-11T23:42:50.116+0000] {processor.py:208} INFO - Processing /opt/airflow/dags/cdc_dag.py took 0.070 seconds
[2025-04-11T23:43:20.357+0000] {processor.py:186} INFO - Started process (PID=4387) to work on /opt/airflow/dags/cdc_dag.py
[2025-04-11T23:43:20.358+0000] {processor.py:914} INFO - Processing file /opt/airflow/dags/cdc_dag.py for tasks to queue
[2025-04-11T23:43:20.361+0000] {logging_mixin.py:190} INFO - [2025-04-11T23:43:20.360+0000] {dagbag.py:588} INFO - Filling up the DagBag from /opt/airflow/dags/cdc_dag.py
[2025-04-11T23:43:20.384+0000] {processor.py:925} INFO - DAG(s) 'cdc_airflow_dag' retrieved from /opt/airflow/dags/cdc_dag.py
[2025-04-11T23:43:20.398+0000] {logging_mixin.py:190} INFO - [2025-04-11T23:43:20.398+0000] {dag.py:3239} INFO - Sync 1 DAGs
[2025-04-11T23:43:20.419+0000] {logging_mixin.py:190} INFO - [2025-04-11T23:43:20.418+0000] {dag.py:4180} INFO - Setting next_dagrun for cdc_airflow_dag to 2025-04-11 22:00:00+00:00, run_after=2025-04-11 23:00:00+00:00
[2025-04-11T23:43:20.436+0000] {processor.py:208} INFO - Processing /opt/airflow/dags/cdc_dag.py took 0.084 seconds
[2025-04-11T23:43:50.597+0000] {processor.py:186} INFO - Started process (PID=4451) to work on /opt/airflow/dags/cdc_dag.py
[2025-04-11T23:43:50.598+0000] {processor.py:914} INFO - Processing file /opt/airflow/dags/cdc_dag.py for tasks to queue
[2025-04-11T23:43:50.600+0000] {logging_mixin.py:190} INFO - [2025-04-11T23:43:50.600+0000] {dagbag.py:588} INFO - Filling up the DagBag from /opt/airflow/dags/cdc_dag.py
[2025-04-11T23:43:50.618+0000] {processor.py:925} INFO - DAG(s) 'cdc_airflow_dag' retrieved from /opt/airflow/dags/cdc_dag.py
[2025-04-11T23:43:50.636+0000] {logging_mixin.py:190} INFO - [2025-04-11T23:43:50.635+0000] {dag.py:3239} INFO - Sync 1 DAGs
[2025-04-11T23:43:50.655+0000] {logging_mixin.py:190} INFO - [2025-04-11T23:43:50.655+0000] {dag.py:4180} INFO - Setting next_dagrun for cdc_airflow_dag to 2025-04-11 22:00:00+00:00, run_after=2025-04-11 23:00:00+00:00
[2025-04-11T23:43:50.673+0000] {processor.py:208} INFO - Processing /opt/airflow/dags/cdc_dag.py took 0.080 seconds
[2025-04-11T23:44:20.806+0000] {processor.py:186} INFO - Started process (PID=4515) to work on /opt/airflow/dags/cdc_dag.py
[2025-04-11T23:44:20.806+0000] {processor.py:914} INFO - Processing file /opt/airflow/dags/cdc_dag.py for tasks to queue
[2025-04-11T23:44:20.809+0000] {logging_mixin.py:190} INFO - [2025-04-11T23:44:20.808+0000] {dagbag.py:588} INFO - Filling up the DagBag from /opt/airflow/dags/cdc_dag.py
[2025-04-11T23:44:20.827+0000] {processor.py:925} INFO - DAG(s) 'cdc_airflow_dag' retrieved from /opt/airflow/dags/cdc_dag.py
[2025-04-11T23:44:20.840+0000] {logging_mixin.py:190} INFO - [2025-04-11T23:44:20.840+0000] {dag.py:3239} INFO - Sync 1 DAGs
[2025-04-11T23:44:20.857+0000] {logging_mixin.py:190} INFO - [2025-04-11T23:44:20.857+0000] {dag.py:4180} INFO - Setting next_dagrun for cdc_airflow_dag to 2025-04-11 22:00:00+00:00, run_after=2025-04-11 23:00:00+00:00
[2025-04-11T23:44:20.873+0000] {processor.py:208} INFO - Processing /opt/airflow/dags/cdc_dag.py took 0.071 seconds
[2025-04-11T23:44:51.431+0000] {processor.py:186} INFO - Started process (PID=4579) to work on /opt/airflow/dags/cdc_dag.py
[2025-04-11T23:44:51.432+0000] {processor.py:914} INFO - Processing file /opt/airflow/dags/cdc_dag.py for tasks to queue
[2025-04-11T23:44:51.434+0000] {logging_mixin.py:190} INFO - [2025-04-11T23:44:51.434+0000] {dagbag.py:588} INFO - Filling up the DagBag from /opt/airflow/dags/cdc_dag.py
[2025-04-11T23:44:51.450+0000] {processor.py:925} INFO - DAG(s) 'cdc_airflow_dag' retrieved from /opt/airflow/dags/cdc_dag.py
[2025-04-11T23:44:51.471+0000] {logging_mixin.py:190} INFO - [2025-04-11T23:44:51.470+0000] {dag.py:3239} INFO - Sync 1 DAGs
[2025-04-11T23:44:51.502+0000] {logging_mixin.py:190} INFO - [2025-04-11T23:44:51.502+0000] {dag.py:4180} INFO - Setting next_dagrun for cdc_airflow_dag to 2025-04-11 22:00:00+00:00, run_after=2025-04-11 23:00:00+00:00
[2025-04-11T23:44:51.524+0000] {processor.py:208} INFO - Processing /opt/airflow/dags/cdc_dag.py took 0.097 seconds
[2025-04-11T23:45:21.975+0000] {processor.py:186} INFO - Started process (PID=4643) to work on /opt/airflow/dags/cdc_dag.py
[2025-04-11T23:45:21.976+0000] {processor.py:914} INFO - Processing file /opt/airflow/dags/cdc_dag.py for tasks to queue
[2025-04-11T23:45:21.978+0000] {logging_mixin.py:190} INFO - [2025-04-11T23:45:21.978+0000] {dagbag.py:588} INFO - Filling up the DagBag from /opt/airflow/dags/cdc_dag.py
[2025-04-11T23:45:21.997+0000] {processor.py:925} INFO - DAG(s) 'cdc_airflow_dag' retrieved from /opt/airflow/dags/cdc_dag.py
[2025-04-11T23:45:22.012+0000] {logging_mixin.py:190} INFO - [2025-04-11T23:45:22.012+0000] {dag.py:3239} INFO - Sync 1 DAGs
[2025-04-11T23:45:22.034+0000] {logging_mixin.py:190} INFO - [2025-04-11T23:45:22.034+0000] {dag.py:4180} INFO - Setting next_dagrun for cdc_airflow_dag to 2025-04-11 22:00:00+00:00, run_after=2025-04-11 23:00:00+00:00
[2025-04-11T23:45:22.052+0000] {processor.py:208} INFO - Processing /opt/airflow/dags/cdc_dag.py took 0.081 seconds
[2025-04-11T23:45:52.553+0000] {processor.py:186} INFO - Started process (PID=4708) to work on /opt/airflow/dags/cdc_dag.py
[2025-04-11T23:45:52.554+0000] {processor.py:914} INFO - Processing file /opt/airflow/dags/cdc_dag.py for tasks to queue
[2025-04-11T23:45:52.556+0000] {logging_mixin.py:190} INFO - [2025-04-11T23:45:52.556+0000] {dagbag.py:588} INFO - Filling up the DagBag from /opt/airflow/dags/cdc_dag.py
[2025-04-11T23:45:52.573+0000] {processor.py:925} INFO - DAG(s) 'cdc_airflow_dag' retrieved from /opt/airflow/dags/cdc_dag.py
[2025-04-11T23:45:52.586+0000] {logging_mixin.py:190} INFO - [2025-04-11T23:45:52.586+0000] {dag.py:3239} INFO - Sync 1 DAGs
[2025-04-11T23:45:52.605+0000] {logging_mixin.py:190} INFO - [2025-04-11T23:45:52.604+0000] {dag.py:4180} INFO - Setting next_dagrun for cdc_airflow_dag to 2025-04-11 22:00:00+00:00, run_after=2025-04-11 23:00:00+00:00
[2025-04-11T23:45:52.623+0000] {processor.py:208} INFO - Processing /opt/airflow/dags/cdc_dag.py took 0.075 seconds
[2025-04-11T23:46:23.448+0000] {processor.py:186} INFO - Started process (PID=4772) to work on /opt/airflow/dags/cdc_dag.py
[2025-04-11T23:46:23.449+0000] {processor.py:914} INFO - Processing file /opt/airflow/dags/cdc_dag.py for tasks to queue
[2025-04-11T23:46:23.451+0000] {logging_mixin.py:190} INFO - [2025-04-11T23:46:23.450+0000] {dagbag.py:588} INFO - Filling up the DagBag from /opt/airflow/dags/cdc_dag.py
[2025-04-11T23:46:23.466+0000] {processor.py:925} INFO - DAG(s) 'cdc_airflow_dag' retrieved from /opt/airflow/dags/cdc_dag.py
[2025-04-11T23:46:23.480+0000] {logging_mixin.py:190} INFO - [2025-04-11T23:46:23.479+0000] {dag.py:3239} INFO - Sync 1 DAGs
[2025-04-11T23:46:23.497+0000] {logging_mixin.py:190} INFO - [2025-04-11T23:46:23.497+0000] {dag.py:4180} INFO - Setting next_dagrun for cdc_airflow_dag to 2025-04-11 22:00:00+00:00, run_after=2025-04-11 23:00:00+00:00
[2025-04-11T23:46:23.512+0000] {processor.py:208} INFO - Processing /opt/airflow/dags/cdc_dag.py took 0.068 seconds
[2025-04-11T23:46:54.309+0000] {processor.py:186} INFO - Started process (PID=4835) to work on /opt/airflow/dags/cdc_dag.py
[2025-04-11T23:46:54.310+0000] {processor.py:914} INFO - Processing file /opt/airflow/dags/cdc_dag.py for tasks to queue
[2025-04-11T23:46:54.312+0000] {logging_mixin.py:190} INFO - [2025-04-11T23:46:54.311+0000] {dagbag.py:588} INFO - Filling up the DagBag from /opt/airflow/dags/cdc_dag.py
[2025-04-11T23:46:54.326+0000] {processor.py:925} INFO - DAG(s) 'cdc_airflow_dag' retrieved from /opt/airflow/dags/cdc_dag.py
[2025-04-11T23:46:54.339+0000] {logging_mixin.py:190} INFO - [2025-04-11T23:46:54.339+0000] {dag.py:3239} INFO - Sync 1 DAGs
[2025-04-11T23:46:54.357+0000] {logging_mixin.py:190} INFO - [2025-04-11T23:46:54.357+0000] {dag.py:4180} INFO - Setting next_dagrun for cdc_airflow_dag to 2025-04-11 22:00:00+00:00, run_after=2025-04-11 23:00:00+00:00
[2025-04-11T23:46:54.376+0000] {processor.py:208} INFO - Processing /opt/airflow/dags/cdc_dag.py took 0.072 seconds
[2025-04-11T23:47:25.279+0000] {processor.py:186} INFO - Started process (PID=4899) to work on /opt/airflow/dags/cdc_dag.py
[2025-04-11T23:47:25.280+0000] {processor.py:914} INFO - Processing file /opt/airflow/dags/cdc_dag.py for tasks to queue
[2025-04-11T23:47:25.282+0000] {logging_mixin.py:190} INFO - [2025-04-11T23:47:25.281+0000] {dagbag.py:588} INFO - Filling up the DagBag from /opt/airflow/dags/cdc_dag.py
[2025-04-11T23:47:25.298+0000] {processor.py:925} INFO - DAG(s) 'cdc_airflow_dag' retrieved from /opt/airflow/dags/cdc_dag.py
[2025-04-11T23:47:25.313+0000] {logging_mixin.py:190} INFO - [2025-04-11T23:47:25.313+0000] {dag.py:3239} INFO - Sync 1 DAGs
[2025-04-11T23:47:25.334+0000] {logging_mixin.py:190} INFO - [2025-04-11T23:47:25.333+0000] {dag.py:4180} INFO - Setting next_dagrun for cdc_airflow_dag to 2025-04-11 22:00:00+00:00, run_after=2025-04-11 23:00:00+00:00
[2025-04-11T23:47:25.349+0000] {processor.py:208} INFO - Processing /opt/airflow/dags/cdc_dag.py took 0.075 seconds
[2025-04-11T23:47:55.775+0000] {processor.py:186} INFO - Started process (PID=4963) to work on /opt/airflow/dags/cdc_dag.py
[2025-04-11T23:47:55.776+0000] {processor.py:914} INFO - Processing file /opt/airflow/dags/cdc_dag.py for tasks to queue
[2025-04-11T23:47:55.778+0000] {logging_mixin.py:190} INFO - [2025-04-11T23:47:55.778+0000] {dagbag.py:588} INFO - Filling up the DagBag from /opt/airflow/dags/cdc_dag.py
[2025-04-11T23:47:55.795+0000] {processor.py:925} INFO - DAG(s) 'cdc_airflow_dag' retrieved from /opt/airflow/dags/cdc_dag.py
[2025-04-11T23:47:55.809+0000] {logging_mixin.py:190} INFO - [2025-04-11T23:47:55.809+0000] {dag.py:3239} INFO - Sync 1 DAGs
[2025-04-11T23:47:55.827+0000] {logging_mixin.py:190} INFO - [2025-04-11T23:47:55.827+0000] {dag.py:4180} INFO - Setting next_dagrun for cdc_airflow_dag to 2025-04-11 22:00:00+00:00, run_after=2025-04-11 23:00:00+00:00
[2025-04-11T23:47:55.842+0000] {processor.py:208} INFO - Processing /opt/airflow/dags/cdc_dag.py took 0.071 seconds
[2025-04-11T23:48:26.100+0000] {processor.py:186} INFO - Started process (PID=5027) to work on /opt/airflow/dags/cdc_dag.py
[2025-04-11T23:48:26.101+0000] {processor.py:914} INFO - Processing file /opt/airflow/dags/cdc_dag.py for tasks to queue
[2025-04-11T23:48:26.103+0000] {logging_mixin.py:190} INFO - [2025-04-11T23:48:26.103+0000] {dagbag.py:588} INFO - Filling up the DagBag from /opt/airflow/dags/cdc_dag.py
[2025-04-11T23:48:26.117+0000] {processor.py:925} INFO - DAG(s) 'cdc_airflow_dag' retrieved from /opt/airflow/dags/cdc_dag.py
[2025-04-11T23:48:26.131+0000] {logging_mixin.py:190} INFO - [2025-04-11T23:48:26.130+0000] {dag.py:3239} INFO - Sync 1 DAGs
[2025-04-11T23:48:26.149+0000] {logging_mixin.py:190} INFO - [2025-04-11T23:48:26.148+0000] {dag.py:4180} INFO - Setting next_dagrun for cdc_airflow_dag to 2025-04-11 22:00:00+00:00, run_after=2025-04-11 23:00:00+00:00
[2025-04-11T23:48:26.163+0000] {processor.py:208} INFO - Processing /opt/airflow/dags/cdc_dag.py took 0.068 seconds
[2025-04-11T23:48:56.502+0000] {processor.py:186} INFO - Started process (PID=5091) to work on /opt/airflow/dags/cdc_dag.py
[2025-04-11T23:48:56.503+0000] {processor.py:914} INFO - Processing file /opt/airflow/dags/cdc_dag.py for tasks to queue
[2025-04-11T23:48:56.505+0000] {logging_mixin.py:190} INFO - [2025-04-11T23:48:56.505+0000] {dagbag.py:588} INFO - Filling up the DagBag from /opt/airflow/dags/cdc_dag.py
[2025-04-11T23:48:56.519+0000] {processor.py:925} INFO - DAG(s) 'cdc_airflow_dag' retrieved from /opt/airflow/dags/cdc_dag.py
[2025-04-11T23:48:56.532+0000] {logging_mixin.py:190} INFO - [2025-04-11T23:48:56.532+0000] {dag.py:3239} INFO - Sync 1 DAGs
[2025-04-11T23:48:56.549+0000] {logging_mixin.py:190} INFO - [2025-04-11T23:48:56.549+0000] {dag.py:4180} INFO - Setting next_dagrun for cdc_airflow_dag to 2025-04-11 22:00:00+00:00, run_after=2025-04-11 23:00:00+00:00
[2025-04-11T23:48:56.566+0000] {processor.py:208} INFO - Processing /opt/airflow/dags/cdc_dag.py took 0.068 seconds
[2025-04-11T23:49:27.193+0000] {processor.py:186} INFO - Started process (PID=5155) to work on /opt/airflow/dags/cdc_dag.py
[2025-04-11T23:49:27.194+0000] {processor.py:914} INFO - Processing file /opt/airflow/dags/cdc_dag.py for tasks to queue
[2025-04-11T23:49:27.196+0000] {logging_mixin.py:190} INFO - [2025-04-11T23:49:27.195+0000] {dagbag.py:588} INFO - Filling up the DagBag from /opt/airflow/dags/cdc_dag.py
[2025-04-11T23:49:27.212+0000] {processor.py:925} INFO - DAG(s) 'cdc_airflow_dag' retrieved from /opt/airflow/dags/cdc_dag.py
[2025-04-11T23:49:27.228+0000] {logging_mixin.py:190} INFO - [2025-04-11T23:49:27.227+0000] {dag.py:3239} INFO - Sync 1 DAGs
[2025-04-11T23:49:27.249+0000] {logging_mixin.py:190} INFO - [2025-04-11T23:49:27.249+0000] {dag.py:4180} INFO - Setting next_dagrun for cdc_airflow_dag to 2025-04-11 22:00:00+00:00, run_after=2025-04-11 23:00:00+00:00
[2025-04-11T23:49:27.268+0000] {processor.py:208} INFO - Processing /opt/airflow/dags/cdc_dag.py took 0.080 seconds
[2025-04-11T23:49:57.648+0000] {processor.py:186} INFO - Started process (PID=5219) to work on /opt/airflow/dags/cdc_dag.py
[2025-04-11T23:49:57.648+0000] {processor.py:914} INFO - Processing file /opt/airflow/dags/cdc_dag.py for tasks to queue
[2025-04-11T23:49:57.650+0000] {logging_mixin.py:190} INFO - [2025-04-11T23:49:57.650+0000] {dagbag.py:588} INFO - Filling up the DagBag from /opt/airflow/dags/cdc_dag.py
[2025-04-11T23:49:57.671+0000] {processor.py:925} INFO - DAG(s) 'cdc_airflow_dag' retrieved from /opt/airflow/dags/cdc_dag.py
[2025-04-11T23:49:57.688+0000] {logging_mixin.py:190} INFO - [2025-04-11T23:49:57.688+0000] {dag.py:3239} INFO - Sync 1 DAGs
[2025-04-11T23:49:57.710+0000] {logging_mixin.py:190} INFO - [2025-04-11T23:49:57.710+0000] {dag.py:4180} INFO - Setting next_dagrun for cdc_airflow_dag to 2025-04-11 22:00:00+00:00, run_after=2025-04-11 23:00:00+00:00
[2025-04-11T23:49:57.728+0000] {processor.py:208} INFO - Processing /opt/airflow/dags/cdc_dag.py took 0.087 seconds
[2025-04-11T23:50:28.060+0000] {processor.py:186} INFO - Started process (PID=5283) to work on /opt/airflow/dags/cdc_dag.py
[2025-04-11T23:50:28.061+0000] {processor.py:914} INFO - Processing file /opt/airflow/dags/cdc_dag.py for tasks to queue
[2025-04-11T23:50:28.064+0000] {logging_mixin.py:190} INFO - [2025-04-11T23:50:28.063+0000] {dagbag.py:588} INFO - Filling up the DagBag from /opt/airflow/dags/cdc_dag.py
[2025-04-11T23:50:28.090+0000] {processor.py:925} INFO - DAG(s) 'cdc_airflow_dag' retrieved from /opt/airflow/dags/cdc_dag.py
[2025-04-11T23:50:28.106+0000] {logging_mixin.py:190} INFO - [2025-04-11T23:50:28.106+0000] {dag.py:3239} INFO - Sync 1 DAGs
[2025-04-11T23:50:28.129+0000] {logging_mixin.py:190} INFO - [2025-04-11T23:50:28.129+0000] {dag.py:4180} INFO - Setting next_dagrun for cdc_airflow_dag to 2025-04-11 22:00:00+00:00, run_after=2025-04-11 23:00:00+00:00
[2025-04-11T23:50:28.148+0000] {processor.py:208} INFO - Processing /opt/airflow/dags/cdc_dag.py took 0.094 seconds
[2025-04-11T23:50:58.207+0000] {processor.py:186} INFO - Started process (PID=5347) to work on /opt/airflow/dags/cdc_dag.py
[2025-04-11T23:50:58.208+0000] {processor.py:914} INFO - Processing file /opt/airflow/dags/cdc_dag.py for tasks to queue
[2025-04-11T23:50:58.211+0000] {logging_mixin.py:190} INFO - [2025-04-11T23:50:58.210+0000] {dagbag.py:588} INFO - Filling up the DagBag from /opt/airflow/dags/cdc_dag.py
[2025-04-11T23:50:58.235+0000] {processor.py:925} INFO - DAG(s) 'cdc_airflow_dag' retrieved from /opt/airflow/dags/cdc_dag.py
[2025-04-11T23:50:58.258+0000] {logging_mixin.py:190} INFO - [2025-04-11T23:50:58.258+0000] {dag.py:3239} INFO - Sync 1 DAGs
[2025-04-11T23:50:58.284+0000] {logging_mixin.py:190} INFO - [2025-04-11T23:50:58.284+0000] {dag.py:4180} INFO - Setting next_dagrun for cdc_airflow_dag to 2025-04-11 22:00:00+00:00, run_after=2025-04-11 23:00:00+00:00
[2025-04-11T23:50:58.305+0000] {processor.py:208} INFO - Processing /opt/airflow/dags/cdc_dag.py took 0.106 seconds
[2025-04-11T23:51:28.376+0000] {processor.py:186} INFO - Started process (PID=5412) to work on /opt/airflow/dags/cdc_dag.py
[2025-04-11T23:51:28.377+0000] {processor.py:914} INFO - Processing file /opt/airflow/dags/cdc_dag.py for tasks to queue
[2025-04-11T23:51:28.379+0000] {logging_mixin.py:190} INFO - [2025-04-11T23:51:28.379+0000] {dagbag.py:588} INFO - Filling up the DagBag from /opt/airflow/dags/cdc_dag.py
[2025-04-11T23:51:28.401+0000] {processor.py:925} INFO - DAG(s) 'cdc_airflow_dag' retrieved from /opt/airflow/dags/cdc_dag.py
[2025-04-11T23:51:28.415+0000] {logging_mixin.py:190} INFO - [2025-04-11T23:51:28.414+0000] {dag.py:3239} INFO - Sync 1 DAGs
[2025-04-11T23:51:28.433+0000] {logging_mixin.py:190} INFO - [2025-04-11T23:51:28.433+0000] {dag.py:4180} INFO - Setting next_dagrun for cdc_airflow_dag to 2025-04-11 22:00:00+00:00, run_after=2025-04-11 23:00:00+00:00
[2025-04-11T23:51:28.449+0000] {processor.py:208} INFO - Processing /opt/airflow/dags/cdc_dag.py took 0.078 seconds
[2025-04-11T23:51:58.755+0000] {processor.py:186} INFO - Started process (PID=5476) to work on /opt/airflow/dags/cdc_dag.py
[2025-04-11T23:51:58.756+0000] {processor.py:914} INFO - Processing file /opt/airflow/dags/cdc_dag.py for tasks to queue
[2025-04-11T23:51:58.758+0000] {logging_mixin.py:190} INFO - [2025-04-11T23:51:58.758+0000] {dagbag.py:588} INFO - Filling up the DagBag from /opt/airflow/dags/cdc_dag.py
[2025-04-11T23:51:58.785+0000] {processor.py:925} INFO - DAG(s) 'cdc_airflow_dag' retrieved from /opt/airflow/dags/cdc_dag.py
[2025-04-11T23:51:58.801+0000] {logging_mixin.py:190} INFO - [2025-04-11T23:51:58.801+0000] {dag.py:3239} INFO - Sync 1 DAGs
[2025-04-11T23:51:58.823+0000] {logging_mixin.py:190} INFO - [2025-04-11T23:51:58.823+0000] {dag.py:4180} INFO - Setting next_dagrun for cdc_airflow_dag to 2025-04-11 22:00:00+00:00, run_after=2025-04-11 23:00:00+00:00
[2025-04-11T23:51:58.843+0000] {processor.py:208} INFO - Processing /opt/airflow/dags/cdc_dag.py took 0.094 seconds
[2025-04-11T23:52:29.675+0000] {processor.py:186} INFO - Started process (PID=5540) to work on /opt/airflow/dags/cdc_dag.py
[2025-04-11T23:52:29.676+0000] {processor.py:914} INFO - Processing file /opt/airflow/dags/cdc_dag.py for tasks to queue
[2025-04-11T23:52:29.679+0000] {logging_mixin.py:190} INFO - [2025-04-11T23:52:29.678+0000] {dagbag.py:588} INFO - Filling up the DagBag from /opt/airflow/dags/cdc_dag.py
[2025-04-11T23:52:29.708+0000] {processor.py:925} INFO - DAG(s) 'cdc_airflow_dag' retrieved from /opt/airflow/dags/cdc_dag.py
[2025-04-11T23:52:29.724+0000] {logging_mixin.py:190} INFO - [2025-04-11T23:52:29.724+0000] {dag.py:3239} INFO - Sync 1 DAGs
[2025-04-11T23:52:29.745+0000] {logging_mixin.py:190} INFO - [2025-04-11T23:52:29.745+0000] {dag.py:4180} INFO - Setting next_dagrun for cdc_airflow_dag to 2025-04-11 22:00:00+00:00, run_after=2025-04-11 23:00:00+00:00
[2025-04-11T23:52:29.762+0000] {processor.py:208} INFO - Processing /opt/airflow/dags/cdc_dag.py took 0.092 seconds
[2025-04-11T23:53:00.424+0000] {processor.py:186} INFO - Started process (PID=5604) to work on /opt/airflow/dags/cdc_dag.py
[2025-04-11T23:53:00.425+0000] {processor.py:914} INFO - Processing file /opt/airflow/dags/cdc_dag.py for tasks to queue
[2025-04-11T23:53:00.427+0000] {logging_mixin.py:190} INFO - [2025-04-11T23:53:00.427+0000] {dagbag.py:588} INFO - Filling up the DagBag from /opt/airflow/dags/cdc_dag.py
[2025-04-11T23:53:00.448+0000] {processor.py:925} INFO - DAG(s) 'cdc_airflow_dag' retrieved from /opt/airflow/dags/cdc_dag.py
[2025-04-11T23:53:00.466+0000] {logging_mixin.py:190} INFO - [2025-04-11T23:53:00.466+0000] {dag.py:3239} INFO - Sync 1 DAGs
[2025-04-11T23:53:00.488+0000] {logging_mixin.py:190} INFO - [2025-04-11T23:53:00.488+0000] {dag.py:4180} INFO - Setting next_dagrun for cdc_airflow_dag to 2025-04-11 22:00:00+00:00, run_after=2025-04-11 23:00:00+00:00
[2025-04-11T23:53:00.521+0000] {processor.py:208} INFO - Processing /opt/airflow/dags/cdc_dag.py took 0.103 seconds
[2025-04-11T23:53:31.026+0000] {processor.py:186} INFO - Started process (PID=5668) to work on /opt/airflow/dags/cdc_dag.py
[2025-04-11T23:53:31.035+0000] {processor.py:914} INFO - Processing file /opt/airflow/dags/cdc_dag.py for tasks to queue
[2025-04-11T23:53:31.037+0000] {logging_mixin.py:190} INFO - [2025-04-11T23:53:31.036+0000] {dagbag.py:588} INFO - Filling up the DagBag from /opt/airflow/dags/cdc_dag.py
[2025-04-11T23:53:31.062+0000] {processor.py:925} INFO - DAG(s) 'cdc_airflow_dag' retrieved from /opt/airflow/dags/cdc_dag.py
[2025-04-11T23:53:31.076+0000] {logging_mixin.py:190} INFO - [2025-04-11T23:53:31.076+0000] {dag.py:3239} INFO - Sync 1 DAGs
[2025-04-11T23:53:31.095+0000] {logging_mixin.py:190} INFO - [2025-04-11T23:53:31.095+0000] {dag.py:4180} INFO - Setting next_dagrun for cdc_airflow_dag to 2025-04-11 22:00:00+00:00, run_after=2025-04-11 23:00:00+00:00
[2025-04-11T23:53:31.111+0000] {processor.py:208} INFO - Processing /opt/airflow/dags/cdc_dag.py took 0.089 seconds
[2025-04-11T23:54:01.798+0000] {processor.py:186} INFO - Started process (PID=5738) to work on /opt/airflow/dags/cdc_dag.py
[2025-04-11T23:54:01.799+0000] {processor.py:914} INFO - Processing file /opt/airflow/dags/cdc_dag.py for tasks to queue
[2025-04-11T23:54:01.801+0000] {logging_mixin.py:190} INFO - [2025-04-11T23:54:01.801+0000] {dagbag.py:588} INFO - Filling up the DagBag from /opt/airflow/dags/cdc_dag.py
[2025-04-11T23:54:01.829+0000] {processor.py:925} INFO - DAG(s) 'cdc_airflow_dag' retrieved from /opt/airflow/dags/cdc_dag.py
[2025-04-11T23:54:01.846+0000] {logging_mixin.py:190} INFO - [2025-04-11T23:54:01.846+0000] {dag.py:3239} INFO - Sync 1 DAGs
[2025-04-11T23:54:01.866+0000] {logging_mixin.py:190} INFO - [2025-04-11T23:54:01.866+0000] {dag.py:4180} INFO - Setting next_dagrun for cdc_airflow_dag to 2025-04-11 22:00:00+00:00, run_after=2025-04-11 23:00:00+00:00
[2025-04-11T23:54:01.882+0000] {processor.py:208} INFO - Processing /opt/airflow/dags/cdc_dag.py took 0.090 seconds
[2025-04-11T23:54:32.105+0000] {processor.py:186} INFO - Started process (PID=5802) to work on /opt/airflow/dags/cdc_dag.py
[2025-04-11T23:54:32.106+0000] {processor.py:914} INFO - Processing file /opt/airflow/dags/cdc_dag.py for tasks to queue
[2025-04-11T23:54:32.108+0000] {logging_mixin.py:190} INFO - [2025-04-11T23:54:32.108+0000] {dagbag.py:588} INFO - Filling up the DagBag from /opt/airflow/dags/cdc_dag.py
[2025-04-11T23:54:32.130+0000] {processor.py:925} INFO - DAG(s) 'cdc_airflow_dag' retrieved from /opt/airflow/dags/cdc_dag.py
[2025-04-11T23:54:32.148+0000] {logging_mixin.py:190} INFO - [2025-04-11T23:54:32.147+0000] {dag.py:3239} INFO - Sync 1 DAGs
[2025-04-11T23:54:32.169+0000] {logging_mixin.py:190} INFO - [2025-04-11T23:54:32.169+0000] {dag.py:4180} INFO - Setting next_dagrun for cdc_airflow_dag to 2025-04-11 22:00:00+00:00, run_after=2025-04-11 23:00:00+00:00
[2025-04-11T23:54:32.185+0000] {processor.py:208} INFO - Processing /opt/airflow/dags/cdc_dag.py took 0.084 seconds
[2025-04-11T23:55:02.244+0000] {processor.py:186} INFO - Started process (PID=5866) to work on /opt/airflow/dags/cdc_dag.py
[2025-04-11T23:55:02.245+0000] {processor.py:914} INFO - Processing file /opt/airflow/dags/cdc_dag.py for tasks to queue
[2025-04-11T23:55:02.248+0000] {logging_mixin.py:190} INFO - [2025-04-11T23:55:02.247+0000] {dagbag.py:588} INFO - Filling up the DagBag from /opt/airflow/dags/cdc_dag.py
[2025-04-11T23:55:02.274+0000] {processor.py:925} INFO - DAG(s) 'cdc_airflow_dag' retrieved from /opt/airflow/dags/cdc_dag.py
[2025-04-11T23:55:02.291+0000] {logging_mixin.py:190} INFO - [2025-04-11T23:55:02.290+0000] {dag.py:3239} INFO - Sync 1 DAGs
[2025-04-11T23:55:02.313+0000] {logging_mixin.py:190} INFO - [2025-04-11T23:55:02.313+0000] {dag.py:4180} INFO - Setting next_dagrun for cdc_airflow_dag to 2025-04-11 22:00:00+00:00, run_after=2025-04-11 23:00:00+00:00
[2025-04-11T23:55:02.339+0000] {processor.py:208} INFO - Processing /opt/airflow/dags/cdc_dag.py took 0.101 seconds
[2025-04-11T23:55:32.437+0000] {processor.py:186} INFO - Started process (PID=5930) to work on /opt/airflow/dags/cdc_dag.py
[2025-04-11T23:55:32.438+0000] {processor.py:914} INFO - Processing file /opt/airflow/dags/cdc_dag.py for tasks to queue
[2025-04-11T23:55:32.440+0000] {logging_mixin.py:190} INFO - [2025-04-11T23:55:32.440+0000] {dagbag.py:588} INFO - Filling up the DagBag from /opt/airflow/dags/cdc_dag.py
[2025-04-11T23:55:32.459+0000] {processor.py:925} INFO - DAG(s) 'cdc_airflow_dag' retrieved from /opt/airflow/dags/cdc_dag.py
[2025-04-11T23:55:32.475+0000] {logging_mixin.py:190} INFO - [2025-04-11T23:55:32.475+0000] {dag.py:3239} INFO - Sync 1 DAGs
[2025-04-11T23:55:32.497+0000] {logging_mixin.py:190} INFO - [2025-04-11T23:55:32.497+0000] {dag.py:4180} INFO - Setting next_dagrun for cdc_airflow_dag to 2025-04-11 22:00:00+00:00, run_after=2025-04-11 23:00:00+00:00
[2025-04-11T23:55:32.513+0000] {processor.py:208} INFO - Processing /opt/airflow/dags/cdc_dag.py took 0.081 seconds
[2025-04-11T23:56:03.352+0000] {processor.py:186} INFO - Started process (PID=5993) to work on /opt/airflow/dags/cdc_dag.py
[2025-04-11T23:56:03.354+0000] {processor.py:914} INFO - Processing file /opt/airflow/dags/cdc_dag.py for tasks to queue
[2025-04-11T23:56:03.357+0000] {logging_mixin.py:190} INFO - [2025-04-11T23:56:03.356+0000] {dagbag.py:588} INFO - Filling up the DagBag from /opt/airflow/dags/cdc_dag.py
[2025-04-11T23:56:03.426+0000] {processor.py:925} INFO - DAG(s) 'cdc_airflow_dag' retrieved from /opt/airflow/dags/cdc_dag.py
[2025-04-11T23:56:03.444+0000] {logging_mixin.py:190} INFO - [2025-04-11T23:56:03.443+0000] {dag.py:3239} INFO - Sync 1 DAGs
[2025-04-11T23:56:03.465+0000] {logging_mixin.py:190} INFO - [2025-04-11T23:56:03.465+0000] {dag.py:4180} INFO - Setting next_dagrun for cdc_airflow_dag to 2025-04-11 22:00:00+00:00, run_after=2025-04-11 23:00:00+00:00
[2025-04-11T23:56:03.487+0000] {processor.py:208} INFO - Processing /opt/airflow/dags/cdc_dag.py took 0.140 seconds
[2025-04-11T23:56:34.355+0000] {processor.py:186} INFO - Started process (PID=6057) to work on /opt/airflow/dags/cdc_dag.py
[2025-04-11T23:56:34.356+0000] {processor.py:914} INFO - Processing file /opt/airflow/dags/cdc_dag.py for tasks to queue
[2025-04-11T23:56:34.358+0000] {logging_mixin.py:190} INFO - [2025-04-11T23:56:34.358+0000] {dagbag.py:588} INFO - Filling up the DagBag from /opt/airflow/dags/cdc_dag.py
[2025-04-11T23:56:34.376+0000] {processor.py:925} INFO - DAG(s) 'cdc_airflow_dag' retrieved from /opt/airflow/dags/cdc_dag.py
[2025-04-11T23:56:34.391+0000] {logging_mixin.py:190} INFO - [2025-04-11T23:56:34.391+0000] {dag.py:3239} INFO - Sync 1 DAGs
[2025-04-11T23:56:34.411+0000] {logging_mixin.py:190} INFO - [2025-04-11T23:56:34.411+0000] {dag.py:4180} INFO - Setting next_dagrun for cdc_airflow_dag to 2025-04-11 22:00:00+00:00, run_after=2025-04-11 23:00:00+00:00
[2025-04-11T23:56:34.428+0000] {processor.py:208} INFO - Processing /opt/airflow/dags/cdc_dag.py took 0.078 seconds
[2025-04-11T23:57:05.209+0000] {processor.py:186} INFO - Started process (PID=6121) to work on /opt/airflow/dags/cdc_dag.py
[2025-04-11T23:57:05.210+0000] {processor.py:914} INFO - Processing file /opt/airflow/dags/cdc_dag.py for tasks to queue
[2025-04-11T23:57:05.217+0000] {logging_mixin.py:190} INFO - [2025-04-11T23:57:05.213+0000] {dagbag.py:588} INFO - Filling up the DagBag from /opt/airflow/dags/cdc_dag.py
[2025-04-11T23:57:05.249+0000] {processor.py:925} INFO - DAG(s) 'cdc_airflow_dag' retrieved from /opt/airflow/dags/cdc_dag.py
[2025-04-11T23:57:05.268+0000] {logging_mixin.py:190} INFO - [2025-04-11T23:57:05.268+0000] {dag.py:3239} INFO - Sync 1 DAGs
[2025-04-11T23:57:05.294+0000] {logging_mixin.py:190} INFO - [2025-04-11T23:57:05.293+0000] {dag.py:4180} INFO - Setting next_dagrun for cdc_airflow_dag to 2025-04-11 22:00:00+00:00, run_after=2025-04-11 23:00:00+00:00
[2025-04-11T23:57:05.315+0000] {processor.py:208} INFO - Processing /opt/airflow/dags/cdc_dag.py took 0.114 seconds
[2025-04-11T23:57:35.444+0000] {processor.py:186} INFO - Started process (PID=6185) to work on /opt/airflow/dags/cdc_dag.py
[2025-04-11T23:57:35.445+0000] {processor.py:914} INFO - Processing file /opt/airflow/dags/cdc_dag.py for tasks to queue
[2025-04-11T23:57:35.449+0000] {logging_mixin.py:190} INFO - [2025-04-11T23:57:35.448+0000] {dagbag.py:588} INFO - Filling up the DagBag from /opt/airflow/dags/cdc_dag.py
[2025-04-11T23:57:35.469+0000] {processor.py:925} INFO - DAG(s) 'cdc_airflow_dag' retrieved from /opt/airflow/dags/cdc_dag.py
[2025-04-11T23:57:35.484+0000] {logging_mixin.py:190} INFO - [2025-04-11T23:57:35.484+0000] {dag.py:3239} INFO - Sync 1 DAGs
[2025-04-11T23:57:35.504+0000] {logging_mixin.py:190} INFO - [2025-04-11T23:57:35.504+0000] {dag.py:4180} INFO - Setting next_dagrun for cdc_airflow_dag to 2025-04-11 22:00:00+00:00, run_after=2025-04-11 23:00:00+00:00
[2025-04-11T23:57:35.528+0000] {processor.py:208} INFO - Processing /opt/airflow/dags/cdc_dag.py took 0.089 seconds
[2025-04-11T23:58:06.343+0000] {processor.py:186} INFO - Started process (PID=6249) to work on /opt/airflow/dags/cdc_dag.py
[2025-04-11T23:58:06.344+0000] {processor.py:914} INFO - Processing file /opt/airflow/dags/cdc_dag.py for tasks to queue
[2025-04-11T23:58:06.347+0000] {logging_mixin.py:190} INFO - [2025-04-11T23:58:06.346+0000] {dagbag.py:588} INFO - Filling up the DagBag from /opt/airflow/dags/cdc_dag.py
[2025-04-11T23:58:06.372+0000] {processor.py:925} INFO - DAG(s) 'cdc_airflow_dag' retrieved from /opt/airflow/dags/cdc_dag.py
[2025-04-11T23:58:06.395+0000] {logging_mixin.py:190} INFO - [2025-04-11T23:58:06.395+0000] {dag.py:3239} INFO - Sync 1 DAGs
[2025-04-11T23:58:06.422+0000] {logging_mixin.py:190} INFO - [2025-04-11T23:58:06.422+0000] {dag.py:4180} INFO - Setting next_dagrun for cdc_airflow_dag to 2025-04-11 22:00:00+00:00, run_after=2025-04-11 23:00:00+00:00
[2025-04-11T23:58:06.449+0000] {processor.py:208} INFO - Processing /opt/airflow/dags/cdc_dag.py took 0.113 seconds
[2025-04-11T23:58:36.904+0000] {processor.py:186} INFO - Started process (PID=6313) to work on /opt/airflow/dags/cdc_dag.py
[2025-04-11T23:58:36.905+0000] {processor.py:914} INFO - Processing file /opt/airflow/dags/cdc_dag.py for tasks to queue
[2025-04-11T23:58:36.907+0000] {logging_mixin.py:190} INFO - [2025-04-11T23:58:36.907+0000] {dagbag.py:588} INFO - Filling up the DagBag from /opt/airflow/dags/cdc_dag.py
[2025-04-11T23:58:36.923+0000] {processor.py:925} INFO - DAG(s) 'cdc_airflow_dag' retrieved from /opt/airflow/dags/cdc_dag.py
[2025-04-11T23:58:36.940+0000] {logging_mixin.py:190} INFO - [2025-04-11T23:58:36.939+0000] {dag.py:3239} INFO - Sync 1 DAGs
[2025-04-11T23:58:36.962+0000] {logging_mixin.py:190} INFO - [2025-04-11T23:58:36.962+0000] {dag.py:4180} INFO - Setting next_dagrun for cdc_airflow_dag to 2025-04-11 22:00:00+00:00, run_after=2025-04-11 23:00:00+00:00
[2025-04-11T23:58:36.982+0000] {processor.py:208} INFO - Processing /opt/airflow/dags/cdc_dag.py took 0.082 seconds
[2025-04-11T23:59:07.381+0000] {processor.py:186} INFO - Started process (PID=6377) to work on /opt/airflow/dags/cdc_dag.py
[2025-04-11T23:59:07.382+0000] {processor.py:914} INFO - Processing file /opt/airflow/dags/cdc_dag.py for tasks to queue
[2025-04-11T23:59:07.385+0000] {logging_mixin.py:190} INFO - [2025-04-11T23:59:07.384+0000] {dagbag.py:588} INFO - Filling up the DagBag from /opt/airflow/dags/cdc_dag.py
[2025-04-11T23:59:07.407+0000] {processor.py:925} INFO - DAG(s) 'cdc_airflow_dag' retrieved from /opt/airflow/dags/cdc_dag.py
[2025-04-11T23:59:07.424+0000] {logging_mixin.py:190} INFO - [2025-04-11T23:59:07.423+0000] {dag.py:3239} INFO - Sync 1 DAGs
[2025-04-11T23:59:07.445+0000] {logging_mixin.py:190} INFO - [2025-04-11T23:59:07.445+0000] {dag.py:4180} INFO - Setting next_dagrun for cdc_airflow_dag to 2025-04-11 22:00:00+00:00, run_after=2025-04-11 23:00:00+00:00
[2025-04-11T23:59:07.463+0000] {processor.py:208} INFO - Processing /opt/airflow/dags/cdc_dag.py took 0.087 seconds
[2025-04-11T23:59:37.869+0000] {processor.py:186} INFO - Started process (PID=6441) to work on /opt/airflow/dags/cdc_dag.py
[2025-04-11T23:59:37.870+0000] {processor.py:914} INFO - Processing file /opt/airflow/dags/cdc_dag.py for tasks to queue
[2025-04-11T23:59:37.872+0000] {logging_mixin.py:190} INFO - [2025-04-11T23:59:37.872+0000] {dagbag.py:588} INFO - Filling up the DagBag from /opt/airflow/dags/cdc_dag.py
[2025-04-11T23:59:37.886+0000] {processor.py:925} INFO - DAG(s) 'cdc_airflow_dag' retrieved from /opt/airflow/dags/cdc_dag.py
[2025-04-11T23:59:37.900+0000] {logging_mixin.py:190} INFO - [2025-04-11T23:59:37.899+0000] {dag.py:3239} INFO - Sync 1 DAGs
[2025-04-11T23:59:37.917+0000] {logging_mixin.py:190} INFO - [2025-04-11T23:59:37.917+0000] {dag.py:4180} INFO - Setting next_dagrun for cdc_airflow_dag to 2025-04-11 22:00:00+00:00, run_after=2025-04-11 23:00:00+00:00
[2025-04-11T23:59:37.932+0000] {processor.py:208} INFO - Processing /opt/airflow/dags/cdc_dag.py took 0.067 seconds
